************************************************************************************************************************************
 ************************************************************************************************************************************
 ************************************************************************************************************************************
 ****************                                                                                                    ****************
 ****************          *  FITTING OF THE POTENTIAL PARAMETERS TO AB INITIO DATA                                  ****************
 ****************          *                                                                                         ****************
 ****************          *  2016                                                                                   ****************
 ****************          *  C2H6                                                                                   ****************

 ****************                                                                                                    ****************
 ************************************************************************************************************************************
 ************************************************************************************************************************************
 ************************************************************************************************************************************
 
        12 <= number of degrees of freedom
         5 <= number of bonds
         7 <= number of bond angles
        20 <= number of iterations in the fit
  0.000000 <= The fit is over if the stability is reached 
  0.000010 <= The fit is over if the st.dev. best is reached 
  1.000000 <= sterr parameter out 
  0.000010 <= stdev parameter out 
         0 <= watson robust on (1) or of (0) 
         8 <= number of non-linear parameters
 parameters of structure 
rCOe      =           1.430
rOHe      =           0.959
rH1e      =           1.092
aHOC      =         107.981
aHCO      =         111.473
a1        =           1.440
a2        =           1.660
b1        =           1.550

   ------------------------------------------------------------------
   |   iter  |  points |    deviat     |     rms       |  stability  |
   ------------------------------------------------------------------
   |     1   |     12  |   0.74927E+02 |  0.94479E+02  |   0.133E+09 |
   |     2   |     12  |   0.70651E+02 |  0.85068E+02  |   0.605E-01 |
   |     3   |     12  |   0.70651E+02 |  0.85068E+02  |   0.000E+00 |


Potential parameters rounded in accord. with their standart errors

rC  0  0  0  0  0  0  0  0  0  0  0  0  0***
rO  0  0  0  0  0  0  0  0  0  0  0  0  0***
rH  0  0  0  0  0  0  0  0  0  0  0  0  0***
aH  0  0  0  0  0  0  0  0  0  0  0  0  0***
aH  0  0  0  0  0  0  0  0  0  0  0  0  0***
a1  0  0  0  0  0  0  0  0  0  0  0  0  0***
a2  0  0  0  0  0  0  0  0  0  0  0  0  0***
b1  0  0  0  0  0  0  0  0  0  0  0  0  0***
 f  0  0  0  0  0  0  0  0  0  0  0  0  9*** 10
 f  0  0  0  0  0  0  0  0  0  0  0  3  9*** 27
 f  0  0  0  0  0  0  0  0  0  0  0  6  9*** 19
 f  0  0  0  0  0  0  0  0  0  0  0  9  9*** 22
 f  0  0  0  0  0  0  0  0  0  0  0 12  5*** 13
 f  0  0  0  0  0  0  0  0  0  0  0 15  4******
 f  0  0  0  0  0  0  0  0  0  0  0 18  3*** 26
 f  0  0  0  0  0  0  0  0  0  0  0 21  2******
------------------------------
*  FITTING OF THE POTENTIAL PARAMETERS TO AB INITIO DATA                        
*                                                                               
*  2016                                                                         
*  C2H6                                                                         
      rCOe                        0          1.42960000
      rOHe                        0          0.95887000
      rH1e                        0          1.09229400
      aHOC                        0        107.98120000
      aHCO                        0        111.47293332
        a1                        0          1.44000000
        a2                        0          1.66000000
        b1                        0          1.55000000
 f   0   0   0   0   0   0   0   0   0   0   0   0   9  -25371679.08230865
 f   0   0   0   0   0   0   0   0   0   0   0   3   9        129.98533072
 f   0   0   0   0   0   0   0   0   0   0   0   6   9          9.24528812
 f   0   0   0   0   0   0   0   0   0   0   0   9   9          8.72985366
 f   0   0   0   0   0   0   0   0   0   0   0  12   5          8.72150919
 f   0   0   0   0   0   0   0   0   0   0   0  15   4          8.72173581
 f   0   0   0   0   0   0   0   0   0   0   0  18   3          4.36090664
 f   0   0   0   0   0   0   0   0   0   0   0  21   2         -0.00000008

Correlation coefficients larger than 0.9: 
          corr( 1, 3) =  3.7824497
          corr( 1, 4) =  1.2331526
          corr( 1, 5) =  3.9806891
          corr( 1, 6) =  1.8666589
          corr( 1, 7) = **********
          corr( 1, 8) =  1.8666589
          corr( 2, 7) = **********
          corr( 3, 4) =  2.0949431
          corr( 3, 5) =  4.6419661
          corr( 3, 6) =  1.8014190
          corr( 3, 7) = **********
          corr( 3, 8) =  1.8014190
          corr( 4, 5) =  2.1143965
          corr( 4, 6) =  1.0160507
          corr( 4, 7) = **********
          corr( 4, 8) =  1.0160507
          corr( 5, 6) =  2.4743771
          corr( 5, 7) = **********
          corr( 5, 8) =  2.4743771
          corr( 6, 7) = **********
          corr( 6, 8) =  1.0000000
          corr( 7, 8) = **********

               --------------------------------------------------------------------------------
               :     old parm   :     new parm   :  delta parm  :   std. err.  : sensitility
               --------------------------------------------------------------------------------
  1  f          :  -25371679.08  :  -25371679.08  :         0.000:        10.027:         0.883:!
  2  f          :        129.99  :        129.99  :         0.000:        27.234:         1.210:!
  3##f          :          9.25  :          9.25  :         0.000:        19.120:         1.209:!#
  4##f          :          8.73  :          8.73  :         0.000:        22.479:         1.296:!#
  5##f          :          8.72  :          8.72  :         0.000:        12.658:         1.209:!#
  6##f          :          8.72  :          8.72  :         0.000:**************:         1.210:!#
  7  f          :          4.36  :          4.36  :         0.000:         0.000:         0.883:!
  8##f          :          0.00  :          0.00  :         0.000:**************:         1.210:!#
relat_sterr,ilarge_sterr, tivar:******************   16    2
relat_sterr_min,ilow_sterr, tivar:    0.10000000D+21   -1    2
rCOe                               0          1.42960000
rOHe                               0          0.95887000
rH1e                               0          1.09229400
aHOC                               0        107.98120000
aHCO                               0        111.47293332
a1                                 0          1.44000000
a2                                 0          1.66000000
b1                                 0          1.55000000
 f   0   0   0   0   0   0   0   0   0   0   0   0   9  -25371679.08230865
 f   0   0   0   0   0   0   0   0   0   0   0   3   9        129.98533072
 f   0   0   0   0   0   0   0   0   0   0   0   6   9          9.24528812
 f   0   0   0   0   0   0   0   0   0   0   0   9   9          8.72985366
 f   0   0   0   0   0   0   0   0   0   0   0  12   5          8.72150919
 f   0   0   0   0   0   0   0   0   0   0   0  15   4          8.72173581
 f   0   0   0   0   0   0   0   0   0   0   0  18   3          4.36090664
 f   0   0   0   0   0   0   0   0   0   0   0  21   0          0.00000000
relat_sterr,ilarge_sterr, tivar:******************   15    3
relat_sterr_min,ilow_sterr, tivar:    0.41146717D+16   15    3
rCOe                               0          1.42960000
rOHe                               0          0.95887000
rH1e                               0          1.09229400
aHOC                               0        107.98120000
aHCO                               0        111.47293332
a1                                 0          1.44000000
a2                                 0          1.66000000
b1                                 0          1.55000000
 f   0   0   0   0   0   0   0   0   0   0   0   0   9  -25371679.08230865
 f   0   0   0   0   0   0   0   0   0   0   0   3   9        129.98533072
 f   0   0   0   0   0   0   0   0   0   0   0   6   9          9.24528812
 f   0   0   0   0   0   0   0   0   0   0   0   9   9          8.72985366
 f   0   0   0   0   0   0   0   0   0   0   0  12   5          8.72150919
 f   0   0   0   0   0   0   0   0   0   0   0  15   4          8.72173581
 f   0   0   0   0   0   0   0   0   0   0   0  18   0          0.00000000
 f   0   0   0   0   0   0   0   0   0   0   0  21   0          0.00000000
     2 parameters are out - 

   ------------------------------------------------------------------
   |   iter  |  points |    deviat     |     rms       |  stability  |
   ------------------------------------------------------------------
   |     1   |     12  |   0.58015E+02 |  0.86188E+02  |   0.172E+09 |
   |     2   |     12  |   0.57990E+02 |  0.85877E+02  |   0.438E-03 |
   |     3   |     12  |   0.57990E+02 |  0.85877E+02  |   0.594E-11 |


Potential parameters rounded in accord. with their standart errors

rC  0  0  0  0  0  0  0  0  0  0  0  0  0***
rO  0  0  0  0  0  0  0  0  0  0  0  0  0***
rH  0  0  0  0  0  0  0  0  0  0  0  0  0***
aH  0  0  0  0  0  0  0  0  0  0  0  0  0***
aH  0  0  0  0  0  0  0  0  0  0  0  0  0***
a1  0  0  0  0  0  0  0  0  0  0  0  0  0***
a2  0  0  0  0  0  0  0  0  0  0  0  0  0***
b1  0  0  0  0  0  0  0  0  0  0  0  0  0***
 f  0  0  0  0  0  0  0  0  0  0  0  0  9*** 17
 f  0  0  0  0  0  0  0  0  0  0  0  3  9*** 23
 f  0  0  0  0  0  0  0  0  0  0  0  6  9*** 23
 f  0  0  0  0  0  0  0  0  0  0  0  9  9*** 26
 f  0  0  0  0  0  0  0  0  0  0  0 12  5*** 23
 f  0  0  0  0  0  0  0  0  0  0  0 15  4*** 23
 f  0  0  0  0  0  0  0  0  0  0  0 18  0  0
 f  0  0  0  0  0  0  0  0  0  0  0 21  0  0
------------------------------
*  FITTING OF THE POTENTIAL PARAMETERS TO AB INITIO DATA                        
*                                                                               
*  2016                                                                         
*  C2H6                                                                         
      rCOe                        0          1.42960000
      rOHe                        0          0.95887000
      rH1e                        0          1.09229400
      aHOC                        0        107.98120000
      aHCO                        0        111.47293332
        a1                        0          1.44000000
        a2                        0          1.66000000
        b1                        0          1.55000000
 f   0   0   0   0   0   0   0   0   0   0   0   0   9  -25371679.68757613
 f   0   0   0   0   0   0   0   0   0   0   0   3   9        129.43959210
 f   0   0   0   0   0   0   0   0   0   0   0   6   9         10.02866131
 f   0   0   0   0   0   0   0   0   0   0   0   9   9         10.17622860
 f   0   0   0   0   0   0   0   0   0   0   0  12   5          9.49997946
 f   0   0   0   0   0   0   0   0   0   0   0  15   4          8.16750500
 f   0   0   0   0   0   0   0   0   0   0   0  18   0          0.00000000
 f   0   0   0   0   0   0   0   0   0   0   0  21   0          0.00000000

Correlation coefficients larger than 0.9: 

               --------------------------------------------------------------------------------
               :     old parm   :     new parm   :  delta parm  :   std. err.  : sensitility
               --------------------------------------------------------------------------------
  1  f          :  -25371679.69  :  -25371679.69  :         0.000:        17.260:         0.966:!
  2  f          :        129.44  :        129.44  :         0.000:        23.421:         1.324:!
  3##f          :         10.03  :         10.03  :         0.000:        23.306:         1.323:!#
  4##f          :         10.18  :         10.18  :         0.000:        25.660:         1.418:!#
  5##f          :          9.50  :          9.50  :         0.000:        23.308:         1.323:!#
  6##f          :          8.17  :          8.17  :         0.000:        23.418:         1.324:!#
relat_sterr,ilarge_sterr, tivar:        2.86719237   14    4
relat_sterr_min,ilow_sterr, tivar:    0.28671924D+01   14    4
rCOe                               0          1.42960000
rOHe                               0          0.95887000
rH1e                               0          1.09229400
aHOC                               0        107.98120000
aHCO                               0        111.47293332
a1                                 0          1.44000000
a2                                 0          1.66000000
b1                                 0          1.55000000
 f   0   0   0   0   0   0   0   0   0   0   0   0   9  -25371679.68757613
 f   0   0   0   0   0   0   0   0   0   0   0   3   9        129.43959210
 f   0   0   0   0   0   0   0   0   0   0   0   6   9         10.02866131
 f   0   0   0   0   0   0   0   0   0   0   0   9   9         10.17622860
 f   0   0   0   0   0   0   0   0   0   0   0  12   5          9.49997946
 f   0   0   0   0   0   0   0   0   0   0   0  15   0          0.00000000
 f   0   0   0   0   0   0   0   0   0   0   0  18   0          0.00000000
 f   0   0   0   0   0   0   0   0   0   0   0  21   0          0.00000000
     1 parameters are out - 

   ------------------------------------------------------------------
   |   iter  |  points |    deviat     |     rms       |  stability  |
   ------------------------------------------------------------------
   |     1   |     12  |   0.54253E+02 |  0.87974E+02  |   0.184E+09 |
   |     2   |     12  |   0.54230E+02 |  0.87448E+02  |   0.427E-03 |
   |     3   |     12  |   0.54230E+02 |  0.87448E+02  |   0.523E-11 |


Potential parameters rounded in accord. with their standart errors

rC  0  0  0  0  0  0  0  0  0  0  0  0  0***
rO  0  0  0  0  0  0  0  0  0  0  0  0  0***
rH  0  0  0  0  0  0  0  0  0  0  0  0  0***
aH  0  0  0  0  0  0  0  0  0  0  0  0  0***
aH  0  0  0  0  0  0  0  0  0  0  0  0  0***
a1  0  0  0  0  0  0  0  0  0  0  0  0  0***
a2  0  0  0  0  0  0  0  0  0  0  0  0  0***
b1  0  0  0  0  0  0  0  0  0  0  0  0  0***
 f  0  0  0  0  0  0  0  0  0  0  0  0  9*** 16
 f  0  0  0  0  0  0  0  0  0  0  0  3  9*** 22
 f  0  0  0  0  0  0  0  0  0  0  0  6  9*** 22
 f  0  0  0  0  0  0  0  0  0  0  0  9  9*** 24
 f  0  0  0  0  0  0  0  0  0  0  0 12  5*** 22
 f  0  0  0  0  0  0  0  0  0  0  0 15  0  0
 f  0  0  0  0  0  0  0  0  0  0  0 18  0  0
 f  0  0  0  0  0  0  0  0  0  0  0 21  0  0
------------------------------
*  FITTING OF THE POTENTIAL PARAMETERS TO AB INITIO DATA                        
*                                                                               
*  2016                                                                         
*  C2H6                                                                         
      rCOe                        0          1.42960000
      rOHe                        0          0.95887000
      rH1e                        0          1.09229400
      aHOC                        0        107.98120000
      aHCO                        0        111.47293332
        a1                        0          1.44000000
        a2                        0          1.66000000
        b1                        0          1.55000000
 f   0   0   0   0   0   0   0   0   0   0   0   0   9  -25371680.17393365
 f   0   0   0   0   0   0   0   0   0   0   0   3   9        129.06839984
 f   0   0   0   0   0   0   0   0   0   0   0   6   9         10.85971399
 f   0   0   0   0   0   0   0   0   0   0   0   9   9         11.60581604
 f   0   0   0   0   0   0   0   0   0   0   0  12   5         10.32286869
 f   0   0   0   0   0   0   0   0   0   0   0  15   0          0.00000000
 f   0   0   0   0   0   0   0   0   0   0   0  18   0          0.00000000
 f   0   0   0   0   0   0   0   0   0   0   0  21   0          0.00000000

Correlation coefficients larger than 0.9: 

               --------------------------------------------------------------------------------
               :     old parm   :     new parm   :  delta parm  :   std. err.  : sensitility
               --------------------------------------------------------------------------------
  1  f          :  -25371680.17  :  -25371680.17  :         0.000:        16.088:         1.085:!
  2  f          :        129.07  :        129.07  :         0.000:        21.880:         1.486:!
  3##f          :         10.86  :         10.86  :         0.000:        21.680:         1.485:!#
  4##f          :         11.61  :         11.61  :         0.000:        23.688:         1.592:!#
  5##f          :         10.32  :         10.32  :         0.000:        21.685:         1.485:!#
relat_sterr,ilarge_sterr, tivar:        2.10067805   13    5
relat_sterr_min,ilow_sterr, tivar:    0.21006780D+01   13    5
rCOe                               0          1.42960000
rOHe                               0          0.95887000
rH1e                               0          1.09229400
aHOC                               0        107.98120000
aHCO                               0        111.47293332
a1                                 0          1.44000000
a2                                 0          1.66000000
b1                                 0          1.55000000
 f   0   0   0   0   0   0   0   0   0   0   0   0   9  -25371680.17393365
 f   0   0   0   0   0   0   0   0   0   0   0   3   9        129.06839984
 f   0   0   0   0   0   0   0   0   0   0   0   6   9         10.85971399
 f   0   0   0   0   0   0   0   0   0   0   0   9   9         11.60581604
 f   0   0   0   0   0   0   0   0   0   0   0  12   0          0.00000000
 f   0   0   0   0   0   0   0   0   0   0   0  15   0          0.00000000
 f   0   0   0   0   0   0   0   0   0   0   0  18   0          0.00000000
 f   0   0   0   0   0   0   0   0   0   0   0  21   0          0.00000000
     1 parameters are out - 

   ------------------------------------------------------------------
   |   iter  |  points |    deviat     |     rms       |  stability  |
   ------------------------------------------------------------------
   |     1   |     12  |   0.51561E+02 |  0.90153E+02  |   0.194E+09 |
   |     2   |     12  |   0.51542E+02 |  0.89996E+02  |   0.366E-03 |
   |     3   |     12  |   0.51542E+02 |  0.89996E+02  |   0.549E-11 |


Potential parameters rounded in accord. with their standart errors

rC  0  0  0  0  0  0  0  0  0  0  0  0  0***
rO  0  0  0  0  0  0  0  0  0  0  0  0  0***
rH  0  0  0  0  0  0  0  0  0  0  0  0  0***
aH  0  0  0  0  0  0  0  0  0  0  0  0  0***
aH  0  0  0  0  0  0  0  0  0  0  0  0  0***
a1  0  0  0  0  0  0  0  0  0  0  0  0  0***
a2  0  0  0  0  0  0  0  0  0  0  0  0  0***
b1  0  0  0  0  0  0  0  0  0  0  0  0  0***
 f  0  0  0  0  0  0  0  0  0  0  0  0  9*** 15
 f  0  0  0  0  0  0  0  0  0  0  0  3  9*** 21
 f  0  0  0  0  0  0  0  0  0  0  0  6  9*** 21
 f  0  0  0  0  0  0  0  0  0  0  0  9  9*** 22
 f  0  0  0  0  0  0  0  0  0  0  0 12  0  0
 f  0  0  0  0  0  0  0  0  0  0  0 15  0  0
 f  0  0  0  0  0  0  0  0  0  0  0 18  0  0
 f  0  0  0  0  0  0  0  0  0  0  0 21  0  0
------------------------------
*  FITTING OF THE POTENTIAL PARAMETERS TO AB INITIO DATA                        
*                                                                               
*  2016                                                                         
*  C2H6                                                                         
      rCOe                        0          1.42960000
      rOHe                        0          0.95887000
      rH1e                        0          1.09229400
      aHOC                        0        107.98120000
      aHCO                        0        111.47293332
        a1                        0          1.44000000
        a2                        0          1.66000000
        b1                        0          1.55000000
 f   0   0   0   0   0   0   0   0   0   0   0   0   9  -25371679.33402602
 f   0   0   0   0   0   0   0   0   0   0   0   3   9        130.09428252
 f   0   0   0   0   0   0   0   0   0   0   0   6   9         10.57686977
 f   0   0   0   0   0   0   0   0   0   0   0   9   9         10.66582302
 f   0   0   0   0   0   0   0   0   0   0   0  12   0          0.00000000
 f   0   0   0   0   0   0   0   0   0   0   0  15   0          0.00000000
 f   0   0   0   0   0   0   0   0   0   0   0  18   0          0.00000000
 f   0   0   0   0   0   0   0   0   0   0   0  21   0          0.00000000

Correlation coefficients larger than 0.9: 

               --------------------------------------------------------------------------------
               :     old parm   :     new parm   :  delta parm  :   std. err.  : sensitility
               --------------------------------------------------------------------------------
  1  f          :  -25371679.33  :  -25371679.33  :         0.000:        15.199:         1.289:!
  2  f          :        130.09  :        130.09  :         0.000:        20.694:         1.765:!
  3##f          :         10.58  :         10.58  :         0.000:        20.598:         1.764:!#
  4##f          :         10.67  :         10.67  :         0.000:        22.435:         1.891:!#

   -----------------------------------------------------------
   |  param  |  points |   deviat    |    rms      | stability |
   -----------------------------------------------------------
   |     4   |     12  |   0.51542E+02 |  0.97281E+05  |    0.549E-11 |

############################################################################################
