************************************************************************************************************************************
 ************************************************************************************************************************************
 ************************************************************************************************************************************
 ****************                                                                                                    ****************
 ****************          *  FITTING OF THE POTENTIAL PARAMETERS TO AB INITIO DATA                                  ****************
 ****************          *                                                                                         ****************
 ****************          *  2016                                                                                   ****************
 ****************          *  C2H6                                                                                   ****************

 ****************                                                                                                    ****************
 ************************************************************************************************************************************
 ************************************************************************************************************************************
 ************************************************************************************************************************************
 
        12 <= number of degrees of freedom
         5 <= number of bonds
         7 <= number of bond angles
        20 <= number of iterations in the fit
  0.000000 <= The fit is over if the stability is reached 
  0.000010 <= The fit is over if the st.dev. best is reached 
  1.000000 <= sterr parameter out 
  0.000010 <= stdev parameter out 
         2 <= watson robust on (1) or of (0) 
         8 <= number of non-linear parameters
 parameters of structure 
rCOe      =           1.422
rOHe      =           0.956
rH1e      =           1.091
aHOC      =         107.981
aHCO      =         110.665
a1        =           1.900
a2        =           2.300
b1        =           1.890

   ------------------------------------------------------------------
   |   iter  |  points |    deviat     |     rms       |  stability  |
   ------------------------------------------------------------------
warning! the number of parameter >  the number of data points    33    50
      26-th is out - f      

   ------------------------------------------------------------------
   |   iter  |  points |    deviat     |     rms       |  stability  |
   ------------------------------------------------------------------
warning! the number of parameter >  the number of data points    33    47
      32-th is out - f      

   ------------------------------------------------------------------
   |   iter  |  points |    deviat     |     rms       |  stability  |
   ------------------------------------------------------------------
warning! the number of parameter >  the number of data points    33    46
      33-th is out - f      

   ------------------------------------------------------------------
   |   iter  |  points |    deviat     |     rms       |  stability  |
   ------------------------------------------------------------------
warning! the number of parameter >  the number of data points    33    45
      37-th is out - f      

   ------------------------------------------------------------------
   |   iter  |  points |    deviat     |     rms       |  stability  |
   ------------------------------------------------------------------
warning! the number of parameter >  the number of data points    33    44
      38-th is out - f      

   ------------------------------------------------------------------
   |   iter  |  points |    deviat     |     rms       |  stability  |
   ------------------------------------------------------------------
warning! the number of parameter >  the number of data points    33    43
      39-th is out - f      

   ------------------------------------------------------------------
   |   iter  |  points |    deviat     |     rms       |  stability  |
   ------------------------------------------------------------------
warning! the number of parameter >  the number of data points    33    42
      40-th is out - f      

   ------------------------------------------------------------------
   |   iter  |  points |    deviat     |     rms       |  stability  |
   ------------------------------------------------------------------
warning! the number of parameter >  the number of data points    33    41
      41-th is out - f      

   ------------------------------------------------------------------
   |   iter  |  points |    deviat     |     rms       |  stability  |
   ------------------------------------------------------------------
warning! the number of parameter >  the number of data points    33    40
      42-th is out - f      

   ------------------------------------------------------------------
   |   iter  |  points |    deviat     |     rms       |  stability  |
   ------------------------------------------------------------------
warning! the number of parameter >  the number of data points    33    39
      43-th is out - f      

   ------------------------------------------------------------------
   |   iter  |  points |    deviat     |     rms       |  stability  |
   ------------------------------------------------------------------
warning! the number of parameter >  the number of data points    33    38
      45-th is out - f      

   ------------------------------------------------------------------
   |   iter  |  points |    deviat     |     rms       |  stability  |
   ------------------------------------------------------------------
warning! the number of parameter >  the number of data points    33    37
      46-th is out - f      

   ------------------------------------------------------------------
   |   iter  |  points |    deviat     |     rms       |  stability  |
   ------------------------------------------------------------------
warning! the number of parameter >  the number of data points    33    36
      47-th is out - f      

   ------------------------------------------------------------------
   |   iter  |  points |    deviat     |     rms       |  stability  |
   ------------------------------------------------------------------
warning! the number of parameter >  the number of data points    33    35
      48-th is out - f      

   ------------------------------------------------------------------
   |   iter  |  points |    deviat     |     rms       |  stability  |
   ------------------------------------------------------------------
warning! the number of parameter >  the number of data points    33    34
      49-th is out - f      

   ------------------------------------------------------------------
   |   iter  |  points |    deviat     |     rms       |  stability  |
   ------------------------------------------------------------------
warning! the same number of parameters and data points
      50-th is out - f      

   ------------------------------------------------------------------
   |   iter  |  points |    deviat     |     rms       |  stability  |
   ------------------------------------------------------------------
      51-th is out - f      

   ------------------------------------------------------------------
   |   iter  |  points |    deviat     |     rms       |  stability  |
   ------------------------------------------------------------------
      52-th is out - f      

   ------------------------------------------------------------------
   |   iter  |  points |    deviat     |     rms       |  stability  |
   ------------------------------------------------------------------
      53-th is out - f      

   ------------------------------------------------------------------
   |   iter  |  points |    deviat     |     rms       |  stability  |
   ------------------------------------------------------------------
      54-th is out - f      

   ------------------------------------------------------------------
   |   iter  |  points |    deviat     |     rms       |  stability  |
   ------------------------------------------------------------------
      55-th is out - f      

   ------------------------------------------------------------------
   |   iter  |  points |    deviat     |     rms       |  stability  |
   ------------------------------------------------------------------
      56-th is out - f      

   ------------------------------------------------------------------
   |   iter  |  points |    deviat     |     rms       |  stability  |
   ------------------------------------------------------------------
      57-th is out - f      

   ------------------------------------------------------------------
   |   iter  |  points |    deviat     |     rms       |  stability  |
   ------------------------------------------------------------------
      59-th is out - f      

   ------------------------------------------------------------------
   |   iter  |  points |    deviat     |     rms       |  stability  |
   ------------------------------------------------------------------
      60-th is out - f      

   ------------------------------------------------------------------
   |   iter  |  points |    deviat     |     rms       |  stability  |
   ------------------------------------------------------------------
      61-th is out - f      

   ------------------------------------------------------------------
   |   iter  |  points |    deviat     |     rms       |  stability  |
   ------------------------------------------------------------------
      62-th is out - f      

   ------------------------------------------------------------------
   |   iter  |  points |    deviat     |     rms       |  stability  |
   ------------------------------------------------------------------
      63-th is out - f      

   ------------------------------------------------------------------
   |   iter  |  points |    deviat     |     rms       |  stability  |
   ------------------------------------------------------------------
      64-th is out - f      

   ------------------------------------------------------------------
   |   iter  |  points |    deviat     |     rms       |  stability  |
   ------------------------------------------------------------------
      65-th is out - f      

   ------------------------------------------------------------------
   |   iter  |  points |    deviat     |     rms       |  stability  |
   ------------------------------------------------------------------
      66-th is out - f      

   ------------------------------------------------------------------
   |   iter  |  points |    deviat     |     rms       |  stability  |
   ------------------------------------------------------------------
      67-th is out - f      

   ------------------------------------------------------------------
   |   iter  |  points |    deviat     |     rms       |  stability  |
   ------------------------------------------------------------------
      68-th is out - f      

   ------------------------------------------------------------------
   |   iter  |  points |    deviat     |     rms       |  stability  |
   ------------------------------------------------------------------
      70-th is out - h      

   ------------------------------------------------------------------
   |   iter  |  points |    deviat     |     rms       |  stability  |
   ------------------------------------------------------------------
      72-th is out - h      

   ------------------------------------------------------------------
   |   iter  |  points |    deviat     |     rms       |  stability  |
   ------------------------------------------------------------------
      73-th is out - h      

   ------------------------------------------------------------------
   |   iter  |  points |    deviat     |     rms       |  stability  |
   ------------------------------------------------------------------
   |     1   |     33  |   0.69806E+01 |  0.33169E+03  |   0.347E+09 |
   |     2   |     33  |   0.11451E+01 |  0.10579E+02  |   0.111E+02 |
   |     3   |     33  |   0.21217E+01 |  0.50030E+02  |   0.363E+00 |
   |     4   |     33  |   0.99518E+00 |  0.32294E+02  |   0.153E+01 |
      36-th is out - f      

   ------------------------------------------------------------------
   |   iter  |  points |    deviat     |     rms       |  stability  |
   ------------------------------------------------------------------
   |     1   |     33  |   0.25610E+02 |  0.87906E+02  |   0.185E+09 |
   |     2   |     33  |   0.94524E+00 |  0.34963E+02  |   0.550E+02 |
   |     3   |     33  |   0.10968E+01 |  0.13263E+02  |   0.243E+00 |
   |     4   |     33  |   0.92647E+00 |  0.34888E+02  |   0.352E+00 |
   |     5   |     33  |   0.89896E+00 |  0.37418E+02  |   0.153E-01 |
   |     6   |     33  |   0.91008E+00 |  0.34597E+02  |   0.621E-01 |
   |     7   |     33  |   0.87603E+00 |  0.35284E+02  |   0.164E-01 |
   |     8   |     33  |   0.89670E+00 |  0.34285E+02  |   0.385E-01 |
   |     9   |     33  |   0.87056E+00 |  0.34001E+02  |   0.184E-01 |
   |    10   |     33  |   0.88667E+00 |  0.34011E+02  |   0.286E-01 |
   |    11   |     33  |   0.86857E+00 |  0.33582E+02  |   0.153E-01 |
   |    12   |     33  |   0.87963E+00 |  0.33800E+02  |   0.201E-01 |
   |    13   |     33  |   0.86763E+00 |  0.33455E+02  |   0.112E-01 |
   |    14   |     33  |   0.87489E+00 |  0.33652E+02  |   0.135E-01 |
   |    15   |     33  |   0.86712E+00 |  0.33413E+02  |   0.770E-02 |
   |    16   |     33  |   0.87179E+00 |  0.33553E+02  |   0.881E-02 |
   |    17   |     33  |   0.86681E+00 |  0.33396E+02  |   0.510E-02 |
   |    18   |     33  |   0.86979E+00 |  0.33489E+02  |   0.567E-02 |
   |    19   |     33  |   0.86663E+00 |  0.33389E+02  |   0.332E-02 |
   |    20   |     33  |   0.86852E+00 |  0.33448E+02  |   0.362E-02 |
   |    21   |     33  |   0.86651E+00 |  0.33385E+02  |   0.213E-02 |

Watson Alpha parameter  0.1000 fitted with rms2 = 


Potential parameters rounded in accord. with their standart errors

rC  0  0  0  0  0  0  0  0  0  0  0  0  0***
rO  0  0  0  0  0  0  0  0  0  0  0  0  0***
rH  0  0  0  0  0  0  0  0  0  0  0  0  0***
aH  0  0  0  0  0  0  0  0  0  0  0  0  0***
aH  0  0  0  0  0  0  0  0  0  0  0  0  0***
a1  0  0  0  0  0  0  0  0  0  0  0  0  0***
a2  0  0  0  0  0  0  0  0  0  0  0  0  0***
b1  0  0  0  0  0  0  0  0  0  0  0  0  0***
 f  0  0  0  0  0  0  0  0  0  0  0  0  9*** 43
 f  1  0  0  0  0  0  0  0  0  0  0  0  0  0
 f  2  0  0  0  0  0  0  0  0  0  0  0  0***
 f  3  0  0  0  0  0  0  0  0  0  0  0  0***
 f  4  0  0  0  0  0  0  0  0  0  0  0  0***
 f  5  0  0  0  0  0  0  0  0  0  0  0  0***
 f  6  0  0  0  0  0  0  0  0  0  0  0  0  0
 f  7  0  0  0  0  0  0  0  0  0  0  0  0  0
 f  8  0  0  0  0  0  0  0  0  0  0  0  0  0
 f  0  1  0  0  0  0  0  0  0  0  0  0  0  0
 f  0  2  0  0  0  0  0  0  0  0  0  0  0***
 f  0  3  0  0  0  0  0  0  0  0  0  0  0***
 f  0  4  0  0  0  0  0  0  0  0  0  0  0***
 f  0  5  0  0  0  0  0  0  0  0  0  0  0***
 f  0  6  0  0  0  0  0  0  0  0  0  0  0***
 f  0  7  0  0  0  0  0  0  0  0  0  0  0  0
 f  0  8  0  0  0  0  0  0  0  0  0  0  0  0
 f  0  0  1  0  0  0  0  0  0  0  0  0  0  0
 f  0  0  2  0  0  0  0  0  0  0  0  0  9*** 44
 f  0  0  3  0  0  0  0  0  0  0  0  0  8***254
 f  0  0  4  0  0  0  0  0  0  0  0  0  7***302
 f  0  0  5  0  0  0  0  0  0  0  0  0  6******
 f  0  0  6  0  0  0  0  0  0  0  0  0  5******
 f  0  0  0  0  0  0  0  0  0  0  0  3  0  0
 f  0  0  0  0  0  0  0  0  0  0  0  6  0  0
 f  0  0  1  0  0  0  0  0  0  0  0  0  2*** 99
 f  0  0  0  1  0  0  0  0  0  0  0  1  2*** 13
 f  0  0  0  1  0  0  0  0  0  0  0  2  0  0
 f  0  0  1  0  0  0  0  0  0  0  0  3  0  0
 f  0  0  0  1  0  0  0  0  0  0  0  4  0  0
 f  0  0  0  1  0  0  0  0  0  0  0  5  0  0
 f  0  0  1  0  0  0  0  0  0  0  0  6  0  0
 f  0  0  2  0  0  0  0  0  0  0  0  0  0  0
 f  0  0  1  1  0  0  0  0  0  0  0  0  0  0
 f  0  0  1  1  0  0  0  0  0  0  0  1  0  0
 f  0  0  0  2  0  0  0  0  0  0  0  1  2*** 13
 f  0  0  1  1  0  0  0  0  0  0  0  2  0  0
 f  0  0  0  2  0  0  0  0  0  0  0  2  0  0
 f  0  0  2  0  0  0  0  0  0  0  0  3  0  0
 f  0  0  1  1  0  0  0  0  0  0  0  3  0  0
 f  0  0  1  1  0  0  0  0  0  0  0  4  0  0
 f  0  0  0  2  0  0  0  0  0  0  0  4  0  0
 f  0  0  1  1  0  0  0  0  0  0  0  5  0  0
 f  0  0  0  2  0  0  0  0  0  0  0  5  0  0
 f  0  0  2  0  0  0  0  0  0  0  0  6  0  0
 f  0  0  1  1  0  0  0  0  0  0  0  6  0  0
 f  0  0  3  0  0  0  0  0  0  0  0  0  0  0
 f  0  0  2  1  0  0  0  0  0  0  0  0  0  0
 f  0  0  2  1  0  0  0  0  0  0  0  1  0  0
 f  0  0  0  3  0  0  0  0  0  0  0  1  2*** 61
 f  0  0  2  1  0  0  0  0  0  0  0  2  0  0
 f  0  0  0  3  0  0  0  0  0  0  0  2  0  0
 f  0  0  3  0  0  0  0  0  0  0  0  3  0  0
 f  0  0  2  1  0  0  0  0  0  0  0  3  0  0
 f  0  0  2  1  0  0  0  0  0  0  0  4  0  0
 f  0  0  0  3  0  0  0  0  0  0  0  4  0  0
 f  0  0  2  1  0  0  0  0  0  0  0  5  0  0
 f  0  0  0  3  0  0  0  0  0  0  0  5  0  0
 f  0  0  3  0  0  0  0  0  0  0  0  6  0  0
 f  0  0  2  1  0  0  0  0  0  0  0  6  0  0
 h  0  0  2  1  0  0  0  0  0  0  0 -1  2******
 h  0  0  2  1  0  0  0  0  0  0  0 -2  0  0
 h  0  0  2  1  0  0  0  0  0  0  0 -3  0  0
 h  0  0  2  1  0  0  0  0  0  0  0 -4  0  0
 h  0  0  2  1  0  0  0  0  0  0  0 -5  0  0
 h  0  0  2  1  0  0  0  0  0  0  0 -6  0  0
------------------------------
*  FITTING OF THE POTENTIAL PARAMETERS TO AB INITIO DATA                        
*                                                                               
*  2016                                                                         
*  C2H6                                                                         
      rCOe                        0          1.42213849
      rOHe                        0          0.95563603
      rH1e                        0          1.09116332
      aHOC                        0        107.98120000
      aHCO                        0        110.66460000
        a1                        0          1.90000000
        a2                        0          2.30000000
        b1                        0          1.89000000
 f   0   0   0   0   0   0   0   0   0   0   0   0   9  -25371572.71856480
 f   1   0   0   0   0   0   0   0   0   0   0   0   0          0.00000000
 f   2   0   0   0   0   0   0   0   0   0   0   0   0      38857.32959987
 f   3   0   0   0   0   0   0   0   0   0   0   0   0       -162.13762540
 f   4   0   0   0   0   0   0   0   0   0   0   0   0       2667.04427653
 f   5   0   0   0   0   0   0   0   0   0   0   0   0       1476.86022234
 f   6   0   0   0   0   0   0   0   0   0   0   0   0          0.00000000
 f   7   0   0   0   0   0   0   0   0   0   0   0   0          0.00000000
 f   8   0   0   0   0   0   0   0   0   0   0   0   0          0.00000000
 f   0   1   0   0   0   0   0   0   0   0   0   0   0          0.00000000
 f   0   2   0   0   0   0   0   0   0   0   0   0   0      40333.99988407
 f   0   3   0   0   0   0   0   0   0   0   0   0   0       -677.28550008
 f   0   4   0   0   0   0   0   0   0   0   0   0   0       3135.70196644
 f   0   5   0   0   0   0   0   0   0   0   0   0   0       1512.68879367
 f   0   6   0   0   0   0   0   0   0   0   0   0   0        619.73477278
 f   0   7   0   0   0   0   0   0   0   0   0   0   0          0.00000000
 f   0   8   0   0   0   0   0   0   0   0   0   0   0          0.00000000
 f   0   0   1   0   0   0   0   0   0   0   0   0   0          0.00000000
 f   0   0   2   0   0   0   0   0   0   0   0   0   9     110596.03751917
 f   0   0   3   0   0   0   0   0   0   0   0   0   8      -3320.84678266
 f   0   0   4   0   0   0   0   0   0   0   0   0   7       7816.09114238
 f   0   0   5   0   0   0   0   0   0   0   0   0   6       3987.32877562
 f   0   0   6   0   0   0   0   0   0   0   0   0   5       4866.57858354
 f   0   0   0   0   0   0   0   0   0   0   0   3   0          0.00000000
 f   0   0   0   0   0   0   0   0   0   0   0   6   0          0.00000000
 f   0   0   1   0   0   0   0   0   0   0   0   0   2        247.53047219
 f   0   0   0   1   0   0   0   0   0   0   0   1   2        380.83761847
 f   0   0   0   1   0   0   0   0   0   0   0   2   0          0.00000000
 f   0   0   1   0   0   0   0   0   0   0   0   3   0          0.00000000
 f   0   0   0   1   0   0   0   0   0   0   0   4   0          0.00000000
 f   0   0   0   1   0   0   0   0   0   0   0   5   0          0.00000000
 f   0   0   1   0   0   0   0   0   0   0   0   6   0          0.00000000
 f   0   0   2   0   0   0   0   0   0   0   0   0   0          0.00000000
 f   0   0   1   1   0   0   0   0   0   0   0   0   0          0.00000000
 f   0   0   1   1   0   0   0   0   0   0   0   1   0          0.00000000
 f   0   0   0   2   0   0   0   0   0   0   0   1   2         71.40685136
 f   0   0   1   1   0   0   0   0   0   0   0   2   0          0.00000000
 f   0   0   0   2   0   0   0   0   0   0   0   2   0          0.00000000
 f   0   0   2   0   0   0   0   0   0   0   0   3   0          0.00000000
 f   0   0   1   1   0   0   0   0   0   0   0   3   0          0.00000000
 f   0   0   1   1   0   0   0   0   0   0   0   4   0          0.00000000
 f   0   0   0   2   0   0   0   0   0   0   0   4   0          0.00000000
 f   0   0   1   1   0   0   0   0   0   0   0   5   0          0.00000000
 f   0   0   0   2   0   0   0   0   0   0   0   5   0          0.00000000
 f   0   0   2   0   0   0   0   0   0   0   0   6   0          0.00000000
 f   0   0   1   1   0   0   0   0   0   0   0   6   0          0.00000000
 f   0   0   3   0   0   0   0   0   0   0   0   0   0          0.00000000
 f   0   0   2   1   0   0   0   0   0   0   0   0   0          0.00000000
 f   0   0   2   1   0   0   0   0   0   0   0   1   0          0.00000000
 f   0   0   0   3   0   0   0   0   0   0   0   1   2       -739.46213655
 f   0   0   2   1   0   0   0   0   0   0   0   2   0          0.00000000
 f   0   0   0   3   0   0   0   0   0   0   0   2   0          0.00000000
 f   0   0   3   0   0   0   0   0   0   0   0   3   0          0.00000000
 f   0   0   2   1   0   0   0   0   0   0   0   3   0          0.00000000
 f   0   0   2   1   0   0   0   0   0   0   0   4   0          0.00000000
 f   0   0   0   3   0   0   0   0   0   0   0   4   0          0.00000000
 f   0   0   2   1   0   0   0   0   0   0   0   5   0          0.00000000
 f   0   0   0   3   0   0   0   0   0   0   0   5   0          0.00000000
 f   0   0   3   0   0   0   0   0   0   0   0   6   0          0.00000000
 f   0   0   2   1   0   0   0   0   0   0   0   6   0          0.00000000
 h   0   0   2   1   0   0   0   0   0   0   0  -1   2          0.75613990
 h   0   0   2   1   0   0   0   0   0   0   0  -2   0          0.00000000
 h   0   0   2   1   0   0   0   0   0   0   0  -3   0          0.00000000
 h   0   0   2   1   0   0   0   0   0   0   0  -4   0          0.00000000
 h   0   0   2   1   0   0   0   0   0   0   0  -5   0          0.00000000
 h   0   0   2   1   0   0   0   0   0   0   0  -6   0          0.00000000

Correlation coefficients larger than 0.9: 
          corr( 3, 5) =  0.9941108
          corr( 3, 6) =  0.9448922
          corr( 5, 6) =  0.9473356
          corr( 8,10) =  0.9061863

               --------------------------------------------------------------------------------
               :     old parm   :     new parm   :  delta parm  :   std. err.  : sensitility
               --------------------------------------------------------------------------------
  1  f          :  -25371572.72  :  -25371572.72  :         0.000:         0.427:         0.008:!
  2  f          :     110595.86  :     110596.04  :         0.181:        43.740:         0.131: 
  3  f          :      -3321.33  :      -3320.85  :         0.480:       253.942:         0.250: 
  4  f          :       7817.90  :       7816.09  :        -1.808:       301.595:         0.458: 
  5  f          :       3988.26  :       3987.33  :        -0.934:      1014.512:         0.814: 
  6  f          :       4861.94  :       4866.58  :         4.643:      1321.053:         1.417: 
  7  f          :        247.59  :        247.53  :        -0.059:         9.948:         0.063:!
  8  f          :        380.58  :        380.84  :         0.254:        13.447:         0.215: 
  9  f          :         71.44  :         71.41  :        -0.038:        13.226:         0.446:!
 10  f          :       -738.13  :       -739.46  :        -1.327:        61.173:         0.860: 
 11##h          :          0.72  :          0.76  :         0.035:      1499.130:        76.111:!#
relat_sterr,ilarge_sterr, tivar:     1982.60989321   69    2
relat_sterr_min,ilow_sterr, tivar:    0.19826099D+04   69    2
rCOe                               0          1.42213849
rOHe                               0          0.95563603
rH1e                               0          1.09116332
aHOC                               0        107.98120000
aHCO                               0        110.66460000
a1                                 0          1.90000000
a2                                 0          2.30000000
b1                                 0          1.89000000
 f   0   0   0   0   0   0   0   0   0   0   0   0   9  -25371572.71856480
 f   1   0   0   0   0   0   0   0   0   0   0   0   0          0.00000000
 f   2   0   0   0   0   0   0   0   0   0   0   0   0      38857.32959987
 f   3   0   0   0   0   0   0   0   0   0   0   0   0       -162.13762540
 f   4   0   0   0   0   0   0   0   0   0   0   0   0       2667.04427653
 f   5   0   0   0   0   0   0   0   0   0   0   0   0       1476.86022234
 f   6   0   0   0   0   0   0   0   0   0   0   0   0          0.00000000
 f   7   0   0   0   0   0   0   0   0   0   0   0   0          0.00000000
 f   8   0   0   0   0   0   0   0   0   0   0   0   0          0.00000000
 f   0   1   0   0   0   0   0   0   0   0   0   0   0          0.00000000
 f   0   2   0   0   0   0   0   0   0   0   0   0   0      40333.99988407
 f   0   3   0   0   0   0   0   0   0   0   0   0   0       -677.28550008
 f   0   4   0   0   0   0   0   0   0   0   0   0   0       3135.70196644
 f   0   5   0   0   0   0   0   0   0   0   0   0   0       1512.68879367
 f   0   6   0   0   0   0   0   0   0   0   0   0   0        619.73477278
 f   0   7   0   0   0   0   0   0   0   0   0   0   0          0.00000000
 f   0   8   0   0   0   0   0   0   0   0   0   0   0          0.00000000
 f   0   0   1   0   0   0   0   0   0   0   0   0   0          0.00000000
 f   0   0   2   0   0   0   0   0   0   0   0   0   9     110596.03751917
 f   0   0   3   0   0   0   0   0   0   0   0   0   8      -3320.84678266
 f   0   0   4   0   0   0   0   0   0   0   0   0   7       7816.09114238
 f   0   0   5   0   0   0   0   0   0   0   0   0   6       3987.32877562
 f   0   0   6   0   0   0   0   0   0   0   0   0   5       4866.57858354
 f   0   0   0   0   0   0   0   0   0   0   0   3   0          0.00000000
 f   0   0   0   0   0   0   0   0   0   0   0   6   0          0.00000000
 f   0   0   1   0   0   0   0   0   0   0   0   0   2        247.53047219
 f   0   0   0   1   0   0   0   0   0   0   0   1   2        380.83761847
 f   0   0   0   1   0   0   0   0   0   0   0   2   0          0.00000000
 f   0   0   1   0   0   0   0   0   0   0   0   3   0          0.00000000
 f   0   0   0   1   0   0   0   0   0   0   0   4   0          0.00000000
 f   0   0   0   1   0   0   0   0   0   0   0   5   0          0.00000000
 f   0   0   1   0   0   0   0   0   0   0   0   6   0          0.00000000
 f   0   0   2   0   0   0   0   0   0   0   0   0   0          0.00000000
 f   0   0   1   1   0   0   0   0   0   0   0   0   0          0.00000000
 f   0   0   1   1   0   0   0   0   0   0   0   1   0          0.00000000
 f   0   0   0   2   0   0   0   0   0   0   0   1   2         71.40685136
 f   0   0   1   1   0   0   0   0   0   0   0   2   0          0.00000000
 f   0   0   0   2   0   0   0   0   0   0   0   2   0          0.00000000
 f   0   0   2   0   0   0   0   0   0   0   0   3   0          0.00000000
 f   0   0   1   1   0   0   0   0   0   0   0   3   0          0.00000000
 f   0   0   1   1   0   0   0   0   0   0   0   4   0          0.00000000
 f   0   0   0   2   0   0   0   0   0   0   0   4   0          0.00000000
 f   0   0   1   1   0   0   0   0   0   0   0   5   0          0.00000000
 f   0   0   0   2   0   0   0   0   0   0   0   5   0          0.00000000
 f   0   0   2   0   0   0   0   0   0   0   0   6   0          0.00000000
 f   0   0   1   1   0   0   0   0   0   0   0   6   0          0.00000000
 f   0   0   3   0   0   0   0   0   0   0   0   0   0          0.00000000
 f   0   0   2   1   0   0   0   0   0   0   0   0   0          0.00000000
 f   0   0   2   1   0   0   0   0   0   0   0   1   0          0.00000000
 f   0   0   0   3   0   0   0   0   0   0   0   1   2       -739.46213655
 f   0   0   2   1   0   0   0   0   0   0   0   2   0          0.00000000
 f   0   0   0   3   0   0   0   0   0   0   0   2   0          0.00000000
 f   0   0   3   0   0   0   0   0   0   0   0   3   0          0.00000000
 f   0   0   2   1   0   0   0   0   0   0   0   3   0          0.00000000
 f   0   0   2   1   0   0   0   0   0   0   0   4   0          0.00000000
 f   0   0   0   3   0   0   0   0   0   0   0   4   0          0.00000000
 f   0   0   2   1   0   0   0   0   0   0   0   5   0          0.00000000
 f   0   0   0   3   0   0   0   0   0   0   0   5   0          0.00000000
 f   0   0   3   0   0   0   0   0   0   0   0   6   0          0.00000000
 f   0   0   2   1   0   0   0   0   0   0   0   6   0          0.00000000
 h   0   0   2   1   0   0   0   0   0   0   0  -1   0          0.00000000
 h   0   0   2   1   0   0   0   0   0   0   0  -2   0          0.00000000
 h   0   0   2   1   0   0   0   0   0   0   0  -3   0          0.00000000
 h   0   0   2   1   0   0   0   0   0   0   0  -4   0          0.00000000
 h   0   0   2   1   0   0   0   0   0   0   0  -5   0          0.00000000
 h   0   0   2   1   0   0   0   0   0   0   0  -6   0          0.00000000
     1 parameters are out - 

   ------------------------------------------------------------------
   |   iter  |  points |    deviat     |     rms       |  stability  |
   ------------------------------------------------------------------
   |     1   |     33  |   0.84749E+00 |  0.33422E+02  |   0.118E+11 |
   |     2   |     33  |   0.84747E+00 |  0.33382E+02  |   0.216E-04 |
   |     3   |     33  |   0.84747E+00 |  0.33382E+02  |   0.608E-09 |
   |     4   |     33  |   0.84747E+00 |  0.33382E+02  |   0.328E-09 |
   |     5   |     33  |   0.84747E+00 |  0.33382E+02  |   0.120E-08 |
   |     6   |     33  |   0.84747E+00 |  0.33382E+02  |   0.747E-09 |
   |     7   |     33  |   0.84747E+00 |  0.33382E+02  |   0.511E-09 |
   |     8   |     33  |   0.84747E+00 |  0.33382E+02  |   0.334E-09 |
   |     9   |     33  |   0.84747E+00 |  0.33382E+02  |   0.197E-09 |
   |    10   |     33  |   0.84747E+00 |  0.33382E+02  |   0.715E-09 |
   |    11   |     33  |   0.84747E+00 |  0.33382E+02  |   0.715E-09 |
   |    12   |     33  |   0.84747E+00 |  0.33382E+02  |   0.962E-10 |


Potential parameters rounded in accord. with their standart errors

rC  0  0  0  0  0  0  0  0  0  0  0  0  0***
rO  0  0  0  0  0  0  0  0  0  0  0  0  0***
rH  0  0  0  0  0  0  0  0  0  0  0  0  0***
aH  0  0  0  0  0  0  0  0  0  0  0  0  0***
aH  0  0  0  0  0  0  0  0  0  0  0  0  0***
a1  0  0  0  0  0  0  0  0  0  0  0  0  0***
a2  0  0  0  0  0  0  0  0  0  0  0  0  0***
b1  0  0  0  0  0  0  0  0  0  0  0  0  0***
 f  0  0  0  0  0  0  0  0  0  0  0  0  9*** 42
 f  1  0  0  0  0  0  0  0  0  0  0  0  0  0
 f  2  0  0  0  0  0  0  0  0  0  0  0  0***
 f  3  0  0  0  0  0  0  0  0  0  0  0  0***
 f  4  0  0  0  0  0  0  0  0  0  0  0  0***
 f  5  0  0  0  0  0  0  0  0  0  0  0  0***
 f  6  0  0  0  0  0  0  0  0  0  0  0  0  0
 f  7  0  0  0  0  0  0  0  0  0  0  0  0  0
 f  8  0  0  0  0  0  0  0  0  0  0  0  0  0
 f  0  1  0  0  0  0  0  0  0  0  0  0  0  0
 f  0  2  0  0  0  0  0  0  0  0  0  0  0***
 f  0  3  0  0  0  0  0  0  0  0  0  0  0***
 f  0  4  0  0  0  0  0  0  0  0  0  0  0***
 f  0  5  0  0  0  0  0  0  0  0  0  0  0***
 f  0  6  0  0  0  0  0  0  0  0  0  0  0***
 f  0  7  0  0  0  0  0  0  0  0  0  0  0  0
 f  0  8  0  0  0  0  0  0  0  0  0  0  0  0
 f  0  0  1  0  0  0  0  0  0  0  0  0  0  0
 f  0  0  2  0  0  0  0  0  0  0  0  0  9*** 43
 f  0  0  3  0  0  0  0  0  0  0  0  0  8***248
 f  0  0  4  0  0  0  0  0  0  0  0  0  7***294
 f  0  0  5  0  0  0  0  0  0  0  0  0  6***990
 f  0  0  6  0  0  0  0  0  0  0  0  0  5******
 f  0  0  0  0  0  0  0  0  0  0  0  3  0  0
 f  0  0  0  0  0  0  0  0  0  0  0  6  0  0
 f  0  0  1  0  0  0  0  0  0  0  0  0  2*** 97
 f  0  0  0  1  0  0  0  0  0  0  0  1  2*** 13
 f  0  0  0  1  0  0  0  0  0  0  0  2  0  0
 f  0  0  1  0  0  0  0  0  0  0  0  3  0  0
 f  0  0  0  1  0  0  0  0  0  0  0  4  0  0
 f  0  0  0  1  0  0  0  0  0  0  0  5  0  0
 f  0  0  1  0  0  0  0  0  0  0  0  6  0  0
 f  0  0  2  0  0  0  0  0  0  0  0  0  0  0
 f  0  0  1  1  0  0  0  0  0  0  0  0  0  0
 f  0  0  1  1  0  0  0  0  0  0  0  1  0  0
 f  0  0  0  2  0  0  0  0  0  0  0  1  2*** 13
 f  0  0  1  1  0  0  0  0  0  0  0  2  0  0
 f  0  0  0  2  0  0  0  0  0  0  0  2  0  0
 f  0  0  2  0  0  0  0  0  0  0  0  3  0  0
 f  0  0  1  1  0  0  0  0  0  0  0  3  0  0
 f  0  0  1  1  0  0  0  0  0  0  0  4  0  0
 f  0  0  0  2  0  0  0  0  0  0  0  4  0  0
 f  0  0  1  1  0  0  0  0  0  0  0  5  0  0
 f  0  0  0  2  0  0  0  0  0  0  0  5  0  0
 f  0  0  2  0  0  0  0  0  0  0  0  6  0  0
 f  0  0  1  1  0  0  0  0  0  0  0  6  0  0
 f  0  0  3  0  0  0  0  0  0  0  0  0  0  0
 f  0  0  2  1  0  0  0  0  0  0  0  0  0  0
 f  0  0  2  1  0  0  0  0  0  0  0  1  0  0
 f  0  0  0  3  0  0  0  0  0  0  0  1  2*** 60
 f  0  0  2  1  0  0  0  0  0  0  0  2  0  0
 f  0  0  0  3  0  0  0  0  0  0  0  2  0  0
 f  0  0  3  0  0  0  0  0  0  0  0  3  0  0
 f  0  0  2  1  0  0  0  0  0  0  0  3  0  0
 f  0  0  2  1  0  0  0  0  0  0  0  4  0  0
 f  0  0  0  3  0  0  0  0  0  0  0  4  0  0
 f  0  0  2  1  0  0  0  0  0  0  0  5  0  0
 f  0  0  0  3  0  0  0  0  0  0  0  5  0  0
 f  0  0  3  0  0  0  0  0  0  0  0  6  0  0
 f  0  0  2  1  0  0  0  0  0  0  0  6  0  0
 h  0  0  2  1  0  0  0  0  0  0  0 -1  0  0
 h  0  0  2  1  0  0  0  0  0  0  0 -2  0  0
 h  0  0  2  1  0  0  0  0  0  0  0 -3  0  0
 h  0  0  2  1  0  0  0  0  0  0  0 -4  0  0
 h  0  0  2  1  0  0  0  0  0  0  0 -5  0  0
 h  0  0  2  1  0  0  0  0  0  0  0 -6  0  0
------------------------------
*  FITTING OF THE POTENTIAL PARAMETERS TO AB INITIO DATA                        
*                                                                               
*  2016                                                                         
*  C2H6                                                                         
      rCOe                        0          1.42213849
      rOHe                        0          0.95563603
      rH1e                        0          1.09116332
      aHOC                        0        107.98120000
      aHCO                        0        110.66460000
        a1                        0          1.90000000
        a2                        0          2.30000000
        b1                        0          1.89000000
 f   0   0   0   0   0   0   0   0   0   0   0   0   9  -25371572.71817696
 f   1   0   0   0   0   0   0   0   0   0   0   0   0          0.00000000
 f   2   0   0   0   0   0   0   0   0   0   0   0   0      38857.32959987
 f   3   0   0   0   0   0   0   0   0   0   0   0   0       -162.13762540
 f   4   0   0   0   0   0   0   0   0   0   0   0   0       2667.04427653
 f   5   0   0   0   0   0   0   0   0   0   0   0   0       1476.86022234
 f   6   0   0   0   0   0   0   0   0   0   0   0   0          0.00000000
 f   7   0   0   0   0   0   0   0   0   0   0   0   0          0.00000000
 f   8   0   0   0   0   0   0   0   0   0   0   0   0          0.00000000
 f   0   1   0   0   0   0   0   0   0   0   0   0   0          0.00000000
 f   0   2   0   0   0   0   0   0   0   0   0   0   0      40333.99988407
 f   0   3   0   0   0   0   0   0   0   0   0   0   0       -677.28550008
 f   0   4   0   0   0   0   0   0   0   0   0   0   0       3135.70196644
 f   0   5   0   0   0   0   0   0   0   0   0   0   0       1512.68879367
 f   0   6   0   0   0   0   0   0   0   0   0   0   0        619.73477278
 f   0   7   0   0   0   0   0   0   0   0   0   0   0          0.00000000
 f   0   8   0   0   0   0   0   0   0   0   0   0   0          0.00000000
 f   0   0   1   0   0   0   0   0   0   0   0   0   0          0.00000000
 f   0   0   2   0   0   0   0   0   0   0   0   0   9     110595.84560768
 f   0   0   3   0   0   0   0   0   0   0   0   0   8      -3321.35656860
 f   0   0   4   0   0   0   0   0   0   0   0   0   7       7818.00916508
 f   0   0   5   0   0   0   0   0   0   0   0   0   6       3988.32295324
 f   0   0   6   0   0   0   0   0   0   0   0   0   5       4861.64852723
 f   0   0   0   0   0   0   0   0   0   0   0   3   0          0.00000000
 f   0   0   0   0   0   0   0   0   0   0   0   6   0          0.00000000
 f   0   0   1   0   0   0   0   0   0   0   0   0   2        247.59309272
 f   0   0   0   1   0   0   0   0   0   0   0   1   2        380.56833856
 f   0   0   0   1   0   0   0   0   0   0   0   2   0          0.00000000
 f   0   0   1   0   0   0   0   0   0   0   0   3   0          0.00000000
 f   0   0   0   1   0   0   0   0   0   0   0   4   0          0.00000000
 f   0   0   0   1   0   0   0   0   0   0   0   5   0          0.00000000
 f   0   0   1   0   0   0   0   0   0   0   0   6   0          0.00000000
 f   0   0   2   0   0   0   0   0   0   0   0   0   0          0.00000000
 f   0   0   1   1   0   0   0   0   0   0   0   0   0          0.00000000
 f   0   0   1   1   0   0   0   0   0   0   0   1   0          0.00000000
 f   0   0   0   2   0   0   0   0   0   0   0   1   2         71.44712871
 f   0   0   1   1   0   0   0   0   0   0   0   2   0          0.00000000
 f   0   0   0   2   0   0   0   0   0   0   0   2   0          0.00000000
 f   0   0   2   0   0   0   0   0   0   0   0   3   0          0.00000000
 f   0   0   1   1   0   0   0   0   0   0   0   3   0          0.00000000
 f   0   0   1   1   0   0   0   0   0   0   0   4   0          0.00000000
 f   0   0   0   2   0   0   0   0   0   0   0   4   0          0.00000000
 f   0   0   1   1   0   0   0   0   0   0   0   5   0          0.00000000
 f   0   0   0   2   0   0   0   0   0   0   0   5   0          0.00000000
 f   0   0   2   0   0   0   0   0   0   0   0   6   0          0.00000000
 f   0   0   1   1   0   0   0   0   0   0   0   6   0          0.00000000
 f   0   0   3   0   0   0   0   0   0   0   0   0   0          0.00000000
 f   0   0   2   1   0   0   0   0   0   0   0   0   0          0.00000000
 f   0   0   2   1   0   0   0   0   0   0   0   1   0          0.00000000
 f   0   0   0   3   0   0   0   0   0   0   0   1   2       -738.05462619
 f   0   0   2   1   0   0   0   0   0   0   0   2   0          0.00000000
 f   0   0   0   3   0   0   0   0   0   0   0   2   0          0.00000000
 f   0   0   3   0   0   0   0   0   0   0   0   3   0          0.00000000
 f   0   0   2   1   0   0   0   0   0   0   0   3   0          0.00000000
 f   0   0   2   1   0   0   0   0   0   0   0   4   0          0.00000000
 f   0   0   0   3   0   0   0   0   0   0   0   4   0          0.00000000
 f   0   0   2   1   0   0   0   0   0   0   0   5   0          0.00000000
 f   0   0   0   3   0   0   0   0   0   0   0   5   0          0.00000000
 f   0   0   3   0   0   0   0   0   0   0   0   6   0          0.00000000
 f   0   0   2   1   0   0   0   0   0   0   0   6   0          0.00000000
 h   0   0   2   1   0   0   0   0   0   0   0  -1   0          0.00000000
 h   0   0   2   1   0   0   0   0   0   0   0  -2   0          0.00000000
 h   0   0   2   1   0   0   0   0   0   0   0  -3   0          0.00000000
 h   0   0   2   1   0   0   0   0   0   0   0  -4   0          0.00000000
 h   0   0   2   1   0   0   0   0   0   0   0  -5   0          0.00000000
 h   0   0   2   1   0   0   0   0   0   0   0  -6   0          0.00000000

Correlation coefficients larger than 0.9: 
          corr( 3, 5) =  0.9941123
          corr( 3, 6) =  0.9448837
          corr( 5, 6) =  0.9473182
          corr( 8,10) =  0.9063143

               --------------------------------------------------------------------------------
               :     old parm   :     new parm   :  delta parm  :   std. err.  : sensitility
               --------------------------------------------------------------------------------
  1  f          :  -25371572.72  :  -25371572.72  :         0.000:         0.416:         0.008:!
  2  f          :     110595.85  :     110595.85  :         0.000:        42.677:         0.141:!
  3  f          :      -3321.36  :      -3321.36  :         0.000:       247.786:         0.269:!
  4  f          :       7818.01  :       7818.01  :         0.000:       294.316:         0.492:!
  5  f          :       3988.32  :       3988.32  :         0.000:       989.907:         0.876:!
  6  f          :       4861.65  :       4861.65  :         0.000:      1289.091:         1.525:!
  7  f          :        247.59  :        247.59  :         0.000:         9.707:         0.068:!
  8  f          :        380.57  :        380.57  :         0.000:        13.128:         0.231:!
  9  f          :         71.45  :         71.45  :         0.000:        12.878:         0.480:!
 10  f          :       -738.05  :       -738.05  :         0.000:        59.752:         0.925:!
relat_sterr_min,ilow_sterr, tivar:    0.10000000D+21   -1    2
rCOe                               0          1.42213849
rOHe                               0          0.95563603
rH1e                               0          1.09116332
aHOC                               0        107.98120000
aHCO                               0        110.66460000
a1                                 0          1.90000000
a2                                 0          2.30000000
b1                                 0          1.89000000
 f   0   0   0   0   0   0   0   0   0   0   0   0   9  -25371572.71817696
 f   1   0   0   0   0   0   0   0   0   0   0   0   0          0.00000000
 f   2   0   0   0   0   0   0   0   0   0   0   0   0      38857.32959987
 f   3   0   0   0   0   0   0   0   0   0   0   0   0       -162.13762540
 f   4   0   0   0   0   0   0   0   0   0   0   0   0       2667.04427653
 f   5   0   0   0   0   0   0   0   0   0   0   0   0       1476.86022234
 f   6   0   0   0   0   0   0   0   0   0   0   0   0          0.00000000
 f   7   0   0   0   0   0   0   0   0   0   0   0   0          0.00000000
 f   8   0   0   0   0   0   0   0   0   0   0   0   0          0.00000000
 f   0   1   0   0   0   0   0   0   0   0   0   0   0          0.00000000
 f   0   2   0   0   0   0   0   0   0   0   0   0   0      40333.99988407
 f   0   3   0   0   0   0   0   0   0   0   0   0   0       -677.28550008
 f   0   4   0   0   0   0   0   0   0   0   0   0   0       3135.70196644
 f   0   5   0   0   0   0   0   0   0   0   0   0   0       1512.68879367
 f   0   6   0   0   0   0   0   0   0   0   0   0   0        619.73477278
 f   0   7   0   0   0   0   0   0   0   0   0   0   0          0.00000000
 f   0   8   0   0   0   0   0   0   0   0   0   0   0          0.00000000
 f   0   0   1   0   0   0   0   0   0   0   0   0   0          0.00000000
 f   0   0   2   0   0   0   0   0   0   0   0   0   9     110595.84560768
 f   0   0   3   0   0   0   0   0   0   0   0   0   8      -3321.35656860
 f   0   0   4   0   0   0   0   0   0   0   0   0   7       7818.00916508
 f   0   0   5   0   0   0   0   0   0   0   0   0   6       3988.32295324
 f   0   0   6   0   0   0   0   0   0   0   0   0   5       4861.64852723
 f   0   0   0   0   0   0   0   0   0   0   0   3   0          0.00000000
 f   0   0   0   0   0   0   0   0   0   0   0   6   0          0.00000000
 f   0   0   1   0   0   0   0   0   0   0   0   0   2        247.59309272
 f   0   0   0   1   0   0   0   0   0   0   0   1   2        380.56833856
 f   0   0   0   1   0   0   0   0   0   0   0   2   0          0.00000000
 f   0   0   1   0   0   0   0   0   0   0   0   3   0          0.00000000
 f   0   0   0   1   0   0   0   0   0   0   0   4   0          0.00000000
 f   0   0   0   1   0   0   0   0   0   0   0   5   0          0.00000000
 f   0   0   1   0   0   0   0   0   0   0   0   6   0          0.00000000
 f   0   0   2   0   0   0   0   0   0   0   0   0   0          0.00000000
 f   0   0   1   1   0   0   0   0   0   0   0   0   0          0.00000000
 f   0   0   1   1   0   0   0   0   0   0   0   1   0          0.00000000
 f   0   0   0   2   0   0   0   0   0   0   0   1   2         71.44712871
 f   0   0   1   1   0   0   0   0   0   0   0   2   0          0.00000000
 f   0   0   0   2   0   0   0   0   0   0   0   2   0          0.00000000
 f   0   0   2   0   0   0   0   0   0   0   0   3   0          0.00000000
 f   0   0   1   1   0   0   0   0   0   0   0   3   0          0.00000000
 f   0   0   1   1   0   0   0   0   0   0   0   4   0          0.00000000
 f   0   0   0   2   0   0   0   0   0   0   0   4   0          0.00000000
 f   0   0   1   1   0   0   0   0   0   0   0   5   0          0.00000000
 f   0   0   0   2   0   0   0   0   0   0   0   5   0          0.00000000
 f   0   0   2   0   0   0   0   0   0   0   0   6   0          0.00000000
 f   0   0   1   1   0   0   0   0   0   0   0   6   0          0.00000000
 f   0   0   3   0   0   0   0   0   0   0   0   0   0          0.00000000
 f   0   0   2   1   0   0   0   0   0   0   0   0   0          0.00000000
 f   0   0   2   1   0   0   0   0   0   0   0   1   0          0.00000000
 f   0   0   0   3   0   0   0   0   0   0   0   1   2       -738.05462619
 f   0   0   2   1   0   0   0   0   0   0   0   2   0          0.00000000
 f   0   0   0   3   0   0   0   0   0   0   0   2   0          0.00000000
 f   0   0   3   0   0   0   0   0   0   0   0   3   0          0.00000000
 f   0   0   2   1   0   0   0   0   0   0   0   3   0          0.00000000
 f   0   0   2   1   0   0   0   0   0   0   0   4   0          0.00000000
 f   0   0   0   3   0   0   0   0   0   0   0   4   0          0.00000000
 f   0   0   2   1   0   0   0   0   0   0   0   5   0          0.00000000
 f   0   0   0   3   0   0   0   0   0   0   0   5   0          0.00000000
 f   0   0   3   0   0   0   0   0   0   0   0   6   0          0.00000000
 f   0   0   2   1   0   0   0   0   0   0   0   6   0          0.00000000
 h   0   0   2   1   0   0   0   0   0   0   0  -1   0          0.00000000
 h   0   0   2   1   0   0   0   0   0   0   0  -2   0          0.00000000
 h   0   0   2   1   0   0   0   0   0   0   0  -3   0          0.00000000
 h   0   0   2   1   0   0   0   0   0   0   0  -4   0          0.00000000
 h   0   0   2   1   0   0   0   0   0   0   0  -5   0          0.00000000
 h   0   0   2   1   0   0   0   0   0   0   0  -6   0          0.00000000
relat_sterr_min,ilow_sterr, tivar:    0.10000000D+21   -1    3
rCOe                               0          1.42213849
rOHe                               0          0.95563603
rH1e                               0          1.09116332
aHOC                               0        107.98120000
aHCO                               0        110.66460000
a1                                 0          1.90000000
a2                                 0          2.30000000
b1                                 0          1.89000000
 f   0   0   0   0   0   0   0   0   0   0   0   0   9  -25371572.71817696
 f   1   0   0   0   0   0   0   0   0   0   0   0   0          0.00000000
 f   2   0   0   0   0   0   0   0   0   0   0   0   0      38857.32959987
 f   3   0   0   0   0   0   0   0   0   0   0   0   0       -162.13762540
 f   4   0   0   0   0   0   0   0   0   0   0   0   0       2667.04427653
 f   5   0   0   0   0   0   0   0   0   0   0   0   0       1476.86022234
 f   6   0   0   0   0   0   0   0   0   0   0   0   0          0.00000000
 f   7   0   0   0   0   0   0   0   0   0   0   0   0          0.00000000
 f   8   0   0   0   0   0   0   0   0   0   0   0   0          0.00000000
 f   0   1   0   0   0   0   0   0   0   0   0   0   0          0.00000000
 f   0   2   0   0   0   0   0   0   0   0   0   0   0      40333.99988407
 f   0   3   0   0   0   0   0   0   0   0   0   0   0       -677.28550008
 f   0   4   0   0   0   0   0   0   0   0   0   0   0       3135.70196644
 f   0   5   0   0   0   0   0   0   0   0   0   0   0       1512.68879367
 f   0   6   0   0   0   0   0   0   0   0   0   0   0        619.73477278
 f   0   7   0   0   0   0   0   0   0   0   0   0   0          0.00000000
 f   0   8   0   0   0   0   0   0   0   0   0   0   0          0.00000000
 f   0   0   1   0   0   0   0   0   0   0   0   0   0          0.00000000
 f   0   0   2   0   0   0   0   0   0   0   0   0   9     110595.84560768
 f   0   0   3   0   0   0   0   0   0   0   0   0   8      -3321.35656860
 f   0   0   4   0   0   0   0   0   0   0   0   0   7       7818.00916508
 f   0   0   5   0   0   0   0   0   0   0   0   0   6       3988.32295324
 f   0   0   6   0   0   0   0   0   0   0   0   0   5       4861.64852723
 f   0   0   0   0   0   0   0   0   0   0   0   3   0          0.00000000
 f   0   0   0   0   0   0   0   0   0   0   0   6   0          0.00000000
 f   0   0   1   0   0   0   0   0   0   0   0   0   2        247.59309272
 f   0   0   0   1   0   0   0   0   0   0   0   1   2        380.56833856
 f   0   0   0   1   0   0   0   0   0   0   0   2   0          0.00000000
 f   0   0   1   0   0   0   0   0   0   0   0   3   0          0.00000000
 f   0   0   0   1   0   0   0   0   0   0   0   4   0          0.00000000
 f   0   0   0   1   0   0   0   0   0   0   0   5   0          0.00000000
 f   0   0   1   0   0   0   0   0   0   0   0   6   0          0.00000000
 f   0   0   2   0   0   0   0   0   0   0   0   0   0          0.00000000
 f   0   0   1   1   0   0   0   0   0   0   0   0   0          0.00000000
 f   0   0   1   1   0   0   0   0   0   0   0   1   0          0.00000000
 f   0   0   0   2   0   0   0   0   0   0   0   1   2         71.44712871
 f   0   0   1   1   0   0   0   0   0   0   0   2   0          0.00000000
 f   0   0   0   2   0   0   0   0   0   0   0   2   0          0.00000000
 f   0   0   2   0   0   0   0   0   0   0   0   3   0          0.00000000
 f   0   0   1   1   0   0   0   0   0   0   0   3   0          0.00000000
 f   0   0   1   1   0   0   0   0   0   0   0   4   0          0.00000000
 f   0   0   0   2   0   0   0   0   0   0   0   4   0          0.00000000
 f   0   0   1   1   0   0   0   0   0   0   0   5   0          0.00000000
 f   0   0   0   2   0   0   0   0   0   0   0   5   0          0.00000000
 f   0   0   2   0   0   0   0   0   0   0   0   6   0          0.00000000
 f   0   0   1   1   0   0   0   0   0   0   0   6   0          0.00000000
 f   0   0   3   0   0   0   0   0   0   0   0   0   0          0.00000000
 f   0   0   2   1   0   0   0   0   0   0   0   0   0          0.00000000
 f   0   0   2   1   0   0   0   0   0   0   0   1   0          0.00000000
 f   0   0   0   3   0   0   0   0   0   0   0   1   2       -738.05462619
 f   0   0   2   1   0   0   0   0   0   0   0   2   0          0.00000000
 f   0   0   0   3   0   0   0   0   0   0   0   2   0          0.00000000
 f   0   0   3   0   0   0   0   0   0   0   0   3   0          0.00000000
 f   0   0   2   1   0   0   0   0   0   0   0   3   0          0.00000000
 f   0   0   2   1   0   0   0   0   0   0   0   4   0          0.00000000
 f   0   0   0   3   0   0   0   0   0   0   0   4   0          0.00000000
 f   0   0   2   1   0   0   0   0   0   0   0   5   0          0.00000000
 f   0   0   0   3   0   0   0   0   0   0   0   5   0          0.00000000
 f   0   0   3   0   0   0   0   0   0   0   0   6   0          0.00000000
 f   0   0   2   1   0   0   0   0   0   0   0   6   0          0.00000000
 h   0   0   2   1   0   0   0   0   0   0   0  -1   0          0.00000000
 h   0   0   2   1   0   0   0   0   0   0   0  -2   0          0.00000000
 h   0   0   2   1   0   0   0   0   0   0   0  -3   0          0.00000000
 h   0   0   2   1   0   0   0   0   0   0   0  -4   0          0.00000000
 h   0   0   2   1   0   0   0   0   0   0   0  -5   0          0.00000000
 h   0   0   2   1   0   0   0   0   0   0   0  -6   0          0.00000000
relat_sterr_min,ilow_sterr, tivar:    0.10000000D+21   -1    4
rCOe                               0          1.42213849
rOHe                               0          0.95563603
rH1e                               0          1.09116332
aHOC                               0        107.98120000
aHCO                               0        110.66460000
a1                                 0          1.90000000
a2                                 0          2.30000000
b1                                 0          1.89000000
 f   0   0   0   0   0   0   0   0   0   0   0   0   9  -25371572.71817696
 f   1   0   0   0   0   0   0   0   0   0   0   0   0          0.00000000
 f   2   0   0   0   0   0   0   0   0   0   0   0   0      38857.32959987
 f   3   0   0   0   0   0   0   0   0   0   0   0   0       -162.13762540
 f   4   0   0   0   0   0   0   0   0   0   0   0   0       2667.04427653
 f   5   0   0   0   0   0   0   0   0   0   0   0   0       1476.86022234
 f   6   0   0   0   0   0   0   0   0   0   0   0   0          0.00000000
 f   7   0   0   0   0   0   0   0   0   0   0   0   0          0.00000000
 f   8   0   0   0   0   0   0   0   0   0   0   0   0          0.00000000
 f   0   1   0   0   0   0   0   0   0   0   0   0   0          0.00000000
 f   0   2   0   0   0   0   0   0   0   0   0   0   0      40333.99988407
 f   0   3   0   0   0   0   0   0   0   0   0   0   0       -677.28550008
 f   0   4   0   0   0   0   0   0   0   0   0   0   0       3135.70196644
 f   0   5   0   0   0   0   0   0   0   0   0   0   0       1512.68879367
 f   0   6   0   0   0   0   0   0   0   0   0   0   0        619.73477278
 f   0   7   0   0   0   0   0   0   0   0   0   0   0          0.00000000
 f   0   8   0   0   0   0   0   0   0   0   0   0   0          0.00000000
 f   0   0   1   0   0   0   0   0   0   0   0   0   0          0.00000000
 f   0   0   2   0   0   0   0   0   0   0   0   0   9     110595.84560768
 f   0   0   3   0   0   0   0   0   0   0   0   0   8      -3321.35656860
 f   0   0   4   0   0   0   0   0   0   0   0   0   7       7818.00916508
 f   0   0   5   0   0   0   0   0   0   0   0   0   6       3988.32295324
 f   0   0   6   0   0   0   0   0   0   0   0   0   5       4861.64852723
 f   0   0   0   0   0   0   0   0   0   0   0   3   0          0.00000000
 f   0   0   0   0   0   0   0   0   0   0   0   6   0          0.00000000
 f   0   0   1   0   0   0   0   0   0   0   0   0   2        247.59309272
 f   0   0   0   1   0   0   0   0   0   0   0   1   2        380.56833856
 f   0   0   0   1   0   0   0   0   0   0   0   2   0          0.00000000
 f   0   0   1   0   0   0   0   0   0   0   0   3   0          0.00000000
 f   0   0   0   1   0   0   0   0   0   0   0   4   0          0.00000000
 f   0   0   0   1   0   0   0   0   0   0   0   5   0          0.00000000
 f   0   0   1   0   0   0   0   0   0   0   0   6   0          0.00000000
 f   0   0   2   0   0   0   0   0   0   0   0   0   0          0.00000000
 f   0   0   1   1   0   0   0   0   0   0   0   0   0          0.00000000
 f   0   0   1   1   0   0   0   0   0   0   0   1   0          0.00000000
 f   0   0   0   2   0   0   0   0   0   0   0   1   2         71.44712871
 f   0   0   1   1   0   0   0   0   0   0   0   2   0          0.00000000
 f   0   0   0   2   0   0   0   0   0   0   0   2   0          0.00000000
 f   0   0   2   0   0   0   0   0   0   0   0   3   0          0.00000000
 f   0   0   1   1   0   0   0   0   0   0   0   3   0          0.00000000
 f   0   0   1   1   0   0   0   0   0   0   0   4   0          0.00000000
 f   0   0   0   2   0   0   0   0   0   0   0   4   0          0.00000000
 f   0   0   1   1   0   0   0   0   0   0   0   5   0          0.00000000
 f   0   0   0   2   0   0   0   0   0   0   0   5   0          0.00000000
 f   0   0   2   0   0   0   0   0   0   0   0   6   0          0.00000000
 f   0   0   1   1   0   0   0   0   0   0   0   6   0          0.00000000
 f   0   0   3   0   0   0   0   0   0   0   0   0   0          0.00000000
 f   0   0   2   1   0   0   0   0   0   0   0   0   0          0.00000000
 f   0   0   2   1   0   0   0   0   0   0   0   1   0          0.00000000
 f   0   0   0   3   0   0   0   0   0   0   0   1   2       -738.05462619
 f   0   0   2   1   0   0   0   0   0   0   0   2   0          0.00000000
 f   0   0   0   3   0   0   0   0   0   0   0   2   0          0.00000000
 f   0   0   3   0   0   0   0   0   0   0   0   3   0          0.00000000
 f   0   0   2   1   0   0   0   0   0   0   0   3   0          0.00000000
 f   0   0   2   1   0   0   0   0   0   0   0   4   0          0.00000000
 f   0   0   0   3   0   0   0   0   0   0   0   4   0          0.00000000
 f   0   0   2   1   0   0   0   0   0   0   0   5   0          0.00000000
 f   0   0   0   3   0   0   0   0   0   0   0   5   0          0.00000000
 f   0   0   3   0   0   0   0   0   0   0   0   6   0          0.00000000
 f   0   0   2   1   0   0   0   0   0   0   0   6   0          0.00000000
 h   0   0   2   1   0   0   0   0   0   0   0  -1   0          0.00000000
 h   0   0   2   1   0   0   0   0   0   0   0  -2   0          0.00000000
 h   0   0   2   1   0   0   0   0   0   0   0  -3   0          0.00000000
 h   0   0   2   1   0   0   0   0   0   0   0  -4   0          0.00000000
 h   0   0   2   1   0   0   0   0   0   0   0  -5   0          0.00000000
 h   0   0   2   1   0   0   0   0   0   0   0  -6   0          0.00000000
relat_sterr_min,ilow_sterr, tivar:    0.10000000D+21   -1    5
rCOe                               0          1.42213849
rOHe                               0          0.95563603
rH1e                               0          1.09116332
aHOC                               0        107.98120000
aHCO                               0        110.66460000
a1                                 0          1.90000000
a2                                 0          2.30000000
b1                                 0          1.89000000
 f   0   0   0   0   0   0   0   0   0   0   0   0   9  -25371572.71817696
 f   1   0   0   0   0   0   0   0   0   0   0   0   0          0.00000000
 f   2   0   0   0   0   0   0   0   0   0   0   0   0      38857.32959987
 f   3   0   0   0   0   0   0   0   0   0   0   0   0       -162.13762540
 f   4   0   0   0   0   0   0   0   0   0   0   0   0       2667.04427653
 f   5   0   0   0   0   0   0   0   0   0   0   0   0       1476.86022234
 f   6   0   0   0   0   0   0   0   0   0   0   0   0          0.00000000
 f   7   0   0   0   0   0   0   0   0   0   0   0   0          0.00000000
 f   8   0   0   0   0   0   0   0   0   0   0   0   0          0.00000000
 f   0   1   0   0   0   0   0   0   0   0   0   0   0          0.00000000
 f   0   2   0   0   0   0   0   0   0   0   0   0   0      40333.99988407
 f   0   3   0   0   0   0   0   0   0   0   0   0   0       -677.28550008
 f   0   4   0   0   0   0   0   0   0   0   0   0   0       3135.70196644
 f   0   5   0   0   0   0   0   0   0   0   0   0   0       1512.68879367
 f   0   6   0   0   0   0   0   0   0   0   0   0   0        619.73477278
 f   0   7   0   0   0   0   0   0   0   0   0   0   0          0.00000000
 f   0   8   0   0   0   0   0   0   0   0   0   0   0          0.00000000
 f   0   0   1   0   0   0   0   0   0   0   0   0   0          0.00000000
 f   0   0   2   0   0   0   0   0   0   0   0   0   9     110595.84560768
 f   0   0   3   0   0   0   0   0   0   0   0   0   8      -3321.35656860
 f   0   0   4   0   0   0   0   0   0   0   0   0   7       7818.00916508
 f   0   0   5   0   0   0   0   0   0   0   0   0   6       3988.32295324
 f   0   0   6   0   0   0   0   0   0   0   0   0   5       4861.64852723
 f   0   0   0   0   0   0   0   0   0   0   0   3   0          0.00000000
 f   0   0   0   0   0   0   0   0   0   0   0   6   0          0.00000000
 f   0   0   1   0   0   0   0   0   0   0   0   0   2        247.59309272
 f   0   0   0   1   0   0   0   0   0   0   0   1   2        380.56833856
 f   0   0   0   1   0   0   0   0   0   0   0   2   0          0.00000000
 f   0   0   1   0   0   0   0   0   0   0   0   3   0          0.00000000
 f   0   0   0   1   0   0   0   0   0   0   0   4   0          0.00000000
 f   0   0   0   1   0   0   0   0   0   0   0   5   0          0.00000000
 f   0   0   1   0   0   0   0   0   0   0   0   6   0          0.00000000
 f   0   0   2   0   0   0   0   0   0   0   0   0   0          0.00000000
 f   0   0   1   1   0   0   0   0   0   0   0   0   0          0.00000000
 f   0   0   1   1   0   0   0   0   0   0   0   1   0          0.00000000
 f   0   0   0   2   0   0   0   0   0   0   0   1   2         71.44712871
 f   0   0   1   1   0   0   0   0   0   0   0   2   0          0.00000000
 f   0   0   0   2   0   0   0   0   0   0   0   2   0          0.00000000
 f   0   0   2   0   0   0   0   0   0   0   0   3   0          0.00000000
 f   0   0   1   1   0   0   0   0   0   0   0   3   0          0.00000000
 f   0   0   1   1   0   0   0   0   0   0   0   4   0          0.00000000
 f   0   0   0   2   0   0   0   0   0   0   0   4   0          0.00000000
 f   0   0   1   1   0   0   0   0   0   0   0   5   0          0.00000000
 f   0   0   0   2   0   0   0   0   0   0   0   5   0          0.00000000
 f   0   0   2   0   0   0   0   0   0   0   0   6   0          0.00000000
 f   0   0   1   1   0   0   0   0   0   0   0   6   0          0.00000000
 f   0   0   3   0   0   0   0   0   0   0   0   0   0          0.00000000
 f   0   0   2   1   0   0   0   0   0   0   0   0   0          0.00000000
 f   0   0   2   1   0   0   0   0   0   0   0   1   0          0.00000000
 f   0   0   0   3   0   0   0   0   0   0   0   1   2       -738.05462619
 f   0   0   2   1   0   0   0   0   0   0   0   2   0          0.00000000
 f   0   0   0   3   0   0   0   0   0   0   0   2   0          0.00000000
 f   0   0   3   0   0   0   0   0   0   0   0   3   0          0.00000000
 f   0   0   2   1   0   0   0   0   0   0   0   3   0          0.00000000
 f   0   0   2   1   0   0   0   0   0   0   0   4   0          0.00000000
 f   0   0   0   3   0   0   0   0   0   0   0   4   0          0.00000000
 f   0   0   2   1   0   0   0   0   0   0   0   5   0          0.00000000
 f   0   0   0   3   0   0   0   0   0   0   0   5   0          0.00000000
 f   0   0   3   0   0   0   0   0   0   0   0   6   0          0.00000000
 f   0   0   2   1   0   0   0   0   0   0   0   6   0          0.00000000
 h   0   0   2   1   0   0   0   0   0   0   0  -1   0          0.00000000
 h   0   0   2   1   0   0   0   0   0   0   0  -2   0          0.00000000
 h   0   0   2   1   0   0   0   0   0   0   0  -3   0          0.00000000
 h   0   0   2   1   0   0   0   0   0   0   0  -4   0          0.00000000
 h   0   0   2   1   0   0   0   0   0   0   0  -5   0          0.00000000
 h   0   0   2   1   0   0   0   0   0   0   0  -6   0          0.00000000
relat_sterr_min,ilow_sterr, tivar:    0.10000000D+21   -1    6
rCOe                               0          1.42213849
rOHe                               0          0.95563603
rH1e                               0          1.09116332
aHOC                               0        107.98120000
aHCO                               0        110.66460000
a1                                 0          1.90000000
a2                                 0          2.30000000
b1                                 0          1.89000000
 f   0   0   0   0   0   0   0   0   0   0   0   0   9  -25371572.71817696
 f   1   0   0   0   0   0   0   0   0   0   0   0   0          0.00000000
 f   2   0   0   0   0   0   0   0   0   0   0   0   0      38857.32959987
 f   3   0   0   0   0   0   0   0   0   0   0   0   0       -162.13762540
 f   4   0   0   0   0   0   0   0   0   0   0   0   0       2667.04427653
 f   5   0   0   0   0   0   0   0   0   0   0   0   0       1476.86022234
 f   6   0   0   0   0   0   0   0   0   0   0   0   0          0.00000000
 f   7   0   0   0   0   0   0   0   0   0   0   0   0          0.00000000
 f   8   0   0   0   0   0   0   0   0   0   0   0   0          0.00000000
 f   0   1   0   0   0   0   0   0   0   0   0   0   0          0.00000000
 f   0   2   0   0   0   0   0   0   0   0   0   0   0      40333.99988407
 f   0   3   0   0   0   0   0   0   0   0   0   0   0       -677.28550008
 f   0   4   0   0   0   0   0   0   0   0   0   0   0       3135.70196644
 f   0   5   0   0   0   0   0   0   0   0   0   0   0       1512.68879367
 f   0   6   0   0   0   0   0   0   0   0   0   0   0        619.73477278
 f   0   7   0   0   0   0   0   0   0   0   0   0   0          0.00000000
 f   0   8   0   0   0   0   0   0   0   0   0   0   0          0.00000000
 f   0   0   1   0   0   0   0   0   0   0   0   0   0          0.00000000
 f   0   0   2   0   0   0   0   0   0   0   0   0   9     110595.84560768
 f   0   0   3   0   0   0   0   0   0   0   0   0   8      -3321.35656860
 f   0   0   4   0   0   0   0   0   0   0   0   0   7       7818.00916508
 f   0   0   5   0   0   0   0   0   0   0   0   0   6       3988.32295324
 f   0   0   6   0   0   0   0   0   0   0   0   0   5       4861.64852723
 f   0   0   0   0   0   0   0   0   0   0   0   3   0          0.00000000
 f   0   0   0   0   0   0   0   0   0   0   0   6   0          0.00000000
 f   0   0   1   0   0   0   0   0   0   0   0   0   2        247.59309272
 f   0   0   0   1   0   0   0   0   0   0   0   1   2        380.56833856
 f   0   0   0   1   0   0   0   0   0   0   0   2   0          0.00000000
 f   0   0   1   0   0   0   0   0   0   0   0   3   0          0.00000000
 f   0   0   0   1   0   0   0   0   0   0   0   4   0          0.00000000
 f   0   0   0   1   0   0   0   0   0   0   0   5   0          0.00000000
 f   0   0   1   0   0   0   0   0   0   0   0   6   0          0.00000000
 f   0   0   2   0   0   0   0   0   0   0   0   0   0          0.00000000
 f   0   0   1   1   0   0   0   0   0   0   0   0   0          0.00000000
 f   0   0   1   1   0   0   0   0   0   0   0   1   0          0.00000000
 f   0   0   0   2   0   0   0   0   0   0   0   1   2         71.44712871
 f   0   0   1   1   0   0   0   0   0   0   0   2   0          0.00000000
 f   0   0   0   2   0   0   0   0   0   0   0   2   0          0.00000000
 f   0   0   2   0   0   0   0   0   0   0   0   3   0          0.00000000
 f   0   0   1   1   0   0   0   0   0   0   0   3   0          0.00000000
 f   0   0   1   1   0   0   0   0   0   0   0   4   0          0.00000000
 f   0   0   0   2   0   0   0   0   0   0   0   4   0          0.00000000
 f   0   0   1   1   0   0   0   0   0   0   0   5   0          0.00000000
 f   0   0   0   2   0   0   0   0   0   0   0   5   0          0.00000000
 f   0   0   2   0   0   0   0   0   0   0   0   6   0          0.00000000
 f   0   0   1   1   0   0   0   0   0   0   0   6   0          0.00000000
 f   0   0   3   0   0   0   0   0   0   0   0   0   0          0.00000000
 f   0   0   2   1   0   0   0   0   0   0   0   0   0          0.00000000
 f   0   0   2   1   0   0   0   0   0   0   0   1   0          0.00000000
 f   0   0   0   3   0   0   0   0   0   0   0   1   2       -738.05462619
 f   0   0   2   1   0   0   0   0   0   0   0   2   0          0.00000000
 f   0   0   0   3   0   0   0   0   0   0   0   2   0          0.00000000
 f   0   0   3   0   0   0   0   0   0   0   0   3   0          0.00000000
 f   0   0   2   1   0   0   0   0   0   0   0   3   0          0.00000000
 f   0   0   2   1   0   0   0   0   0   0   0   4   0          0.00000000
 f   0   0   0   3   0   0   0   0   0   0   0   4   0          0.00000000
 f   0   0   2   1   0   0   0   0   0   0   0   5   0          0.00000000
 f   0   0   0   3   0   0   0   0   0   0   0   5   0          0.00000000
 f   0   0   3   0   0   0   0   0   0   0   0   6   0          0.00000000
 f   0   0   2   1   0   0   0   0   0   0   0   6   0          0.00000000
 h   0   0   2   1   0   0   0   0   0   0   0  -1   0          0.00000000
 h   0   0   2   1   0   0   0   0   0   0   0  -2   0          0.00000000
 h   0   0   2   1   0   0   0   0   0   0   0  -3   0          0.00000000
 h   0   0   2   1   0   0   0   0   0   0   0  -4   0          0.00000000
 h   0   0   2   1   0   0   0   0   0   0   0  -5   0          0.00000000
 h   0   0   2   1   0   0   0   0   0   0   0  -6   0          0.00000000
relat_sterr_min,ilow_sterr, tivar:    0.10000000D+21   -1    7
rCOe                               0          1.42213849
rOHe                               0          0.95563603
rH1e                               0          1.09116332
aHOC                               0        107.98120000
aHCO                               0        110.66460000
a1                                 0          1.90000000
a2                                 0          2.30000000
b1                                 0          1.89000000
 f   0   0   0   0   0   0   0   0   0   0   0   0   9  -25371572.71817696
 f   1   0   0   0   0   0   0   0   0   0   0   0   0          0.00000000
 f   2   0   0   0   0   0   0   0   0   0   0   0   0      38857.32959987
 f   3   0   0   0   0   0   0   0   0   0   0   0   0       -162.13762540
 f   4   0   0   0   0   0   0   0   0   0   0   0   0       2667.04427653
 f   5   0   0   0   0   0   0   0   0   0   0   0   0       1476.86022234
 f   6   0   0   0   0   0   0   0   0   0   0   0   0          0.00000000
 f   7   0   0   0   0   0   0   0   0   0   0   0   0          0.00000000
 f   8   0   0   0   0   0   0   0   0   0   0   0   0          0.00000000
 f   0   1   0   0   0   0   0   0   0   0   0   0   0          0.00000000
 f   0   2   0   0   0   0   0   0   0   0   0   0   0      40333.99988407
 f   0   3   0   0   0   0   0   0   0   0   0   0   0       -677.28550008
 f   0   4   0   0   0   0   0   0   0   0   0   0   0       3135.70196644
 f   0   5   0   0   0   0   0   0   0   0   0   0   0       1512.68879367
 f   0   6   0   0   0   0   0   0   0   0   0   0   0        619.73477278
 f   0   7   0   0   0   0   0   0   0   0   0   0   0          0.00000000
 f   0   8   0   0   0   0   0   0   0   0   0   0   0          0.00000000
 f   0   0   1   0   0   0   0   0   0   0   0   0   0          0.00000000
 f   0   0   2   0   0   0   0   0   0   0   0   0   9     110595.84560768
 f   0   0   3   0   0   0   0   0   0   0   0   0   8      -3321.35656860
 f   0   0   4   0   0   0   0   0   0   0   0   0   7       7818.00916508
 f   0   0   5   0   0   0   0   0   0   0   0   0   6       3988.32295324
 f   0   0   6   0   0   0   0   0   0   0   0   0   5       4861.64852723
 f   0   0   0   0   0   0   0   0   0   0   0   3   0          0.00000000
 f   0   0   0   0   0   0   0   0   0   0   0   6   0          0.00000000
 f   0   0   1   0   0   0   0   0   0   0   0   0   2        247.59309272
 f   0   0   0   1   0   0   0   0   0   0   0   1   2        380.56833856
 f   0   0   0   1   0   0   0   0   0   0   0   2   0          0.00000000
 f   0   0   1   0   0   0   0   0   0   0   0   3   0          0.00000000
 f   0   0   0   1   0   0   0   0   0   0   0   4   0          0.00000000
 f   0   0   0   1   0   0   0   0   0   0   0   5   0          0.00000000
 f   0   0   1   0   0   0   0   0   0   0   0   6   0          0.00000000
 f   0   0   2   0   0   0   0   0   0   0   0   0   0          0.00000000
 f   0   0   1   1   0   0   0   0   0   0   0   0   0          0.00000000
 f   0   0   1   1   0   0   0   0   0   0   0   1   0          0.00000000
 f   0   0   0   2   0   0   0   0   0   0   0   1   2         71.44712871
 f   0   0   1   1   0   0   0   0   0   0   0   2   0          0.00000000
 f   0   0   0   2   0   0   0   0   0   0   0   2   0          0.00000000
 f   0   0   2   0   0   0   0   0   0   0   0   3   0          0.00000000
 f   0   0   1   1   0   0   0   0   0   0   0   3   0          0.00000000
 f   0   0   1   1   0   0   0   0   0   0   0   4   0          0.00000000
 f   0   0   0   2   0   0   0   0   0   0   0   4   0          0.00000000
 f   0   0   1   1   0   0   0   0   0   0   0   5   0          0.00000000
 f   0   0   0   2   0   0   0   0   0   0   0   5   0          0.00000000
 f   0   0   2   0   0   0   0   0   0   0   0   6   0          0.00000000
 f   0   0   1   1   0   0   0   0   0   0   0   6   0          0.00000000
 f   0   0   3   0   0   0   0   0   0   0   0   0   0          0.00000000
 f   0   0   2   1   0   0   0   0   0   0   0   0   0          0.00000000
 f   0   0   2   1   0   0   0   0   0   0   0   1   0          0.00000000
 f   0   0   0   3   0   0   0   0   0   0   0   1   2       -738.05462619
 f   0   0   2   1   0   0   0   0   0   0   0   2   0          0.00000000
 f   0   0   0   3   0   0   0   0   0   0   0   2   0          0.00000000
 f   0   0   3   0   0   0   0   0   0   0   0   3   0          0.00000000
 f   0   0   2   1   0   0   0   0   0   0   0   3   0          0.00000000
 f   0   0   2   1   0   0   0   0   0   0   0   4   0          0.00000000
 f   0   0   0   3   0   0   0   0   0   0   0   4   0          0.00000000
 f   0   0   2   1   0   0   0   0   0   0   0   5   0          0.00000000
 f   0   0   0   3   0   0   0   0   0   0   0   5   0          0.00000000
 f   0   0   3   0   0   0   0   0   0   0   0   6   0          0.00000000
 f   0   0   2   1   0   0   0   0   0   0   0   6   0          0.00000000
 h   0   0   2   1   0   0   0   0   0   0   0  -1   0          0.00000000
 h   0   0   2   1   0   0   0   0   0   0   0  -2   0          0.00000000
 h   0   0   2   1   0   0   0   0   0   0   0  -3   0          0.00000000
 h   0   0   2   1   0   0   0   0   0   0   0  -4   0          0.00000000
 h   0   0   2   1   0   0   0   0   0   0   0  -5   0          0.00000000
 h   0   0   2   1   0   0   0   0   0   0   0  -6   0          0.00000000
relat_sterr_min,ilow_sterr, tivar:    0.10000000D+21   -1    8
rCOe                               0          1.42213849
rOHe                               0          0.95563603
rH1e                               0          1.09116332
aHOC                               0        107.98120000
aHCO                               0        110.66460000
a1                                 0          1.90000000
a2                                 0          2.30000000
b1                                 0          1.89000000
 f   0   0   0   0   0   0   0   0   0   0   0   0   9  -25371572.71817696
 f   1   0   0   0   0   0   0   0   0   0   0   0   0          0.00000000
 f   2   0   0   0   0   0   0   0   0   0   0   0   0      38857.32959987
 f   3   0   0   0   0   0   0   0   0   0   0   0   0       -162.13762540
 f   4   0   0   0   0   0   0   0   0   0   0   0   0       2667.04427653
 f   5   0   0   0   0   0   0   0   0   0   0   0   0       1476.86022234
 f   6   0   0   0   0   0   0   0   0   0   0   0   0          0.00000000
 f   7   0   0   0   0   0   0   0   0   0   0   0   0          0.00000000
 f   8   0   0   0   0   0   0   0   0   0   0   0   0          0.00000000
 f   0   1   0   0   0   0   0   0   0   0   0   0   0          0.00000000
 f   0   2   0   0   0   0   0   0   0   0   0   0   0      40333.99988407
 f   0   3   0   0   0   0   0   0   0   0   0   0   0       -677.28550008
 f   0   4   0   0   0   0   0   0   0   0   0   0   0       3135.70196644
 f   0   5   0   0   0   0   0   0   0   0   0   0   0       1512.68879367
 f   0   6   0   0   0   0   0   0   0   0   0   0   0        619.73477278
 f   0   7   0   0   0   0   0   0   0   0   0   0   0          0.00000000
 f   0   8   0   0   0   0   0   0   0   0   0   0   0          0.00000000
 f   0   0   1   0   0   0   0   0   0   0   0   0   0          0.00000000
 f   0   0   2   0   0   0   0   0   0   0   0   0   9     110595.84560768
 f   0   0   3   0   0   0   0   0   0   0   0   0   8      -3321.35656860
 f   0   0   4   0   0   0   0   0   0   0   0   0   7       7818.00916508
 f   0   0   5   0   0   0   0   0   0   0   0   0   6       3988.32295324
 f   0   0   6   0   0   0   0   0   0   0   0   0   5       4861.64852723
 f   0   0   0   0   0   0   0   0   0   0   0   3   0          0.00000000
 f   0   0   0   0   0   0   0   0   0   0   0   6   0          0.00000000
 f   0   0   1   0   0   0   0   0   0   0   0   0   2        247.59309272
 f   0   0   0   1   0   0   0   0   0   0   0   1   2        380.56833856
 f   0   0   0   1   0   0   0   0   0   0   0   2   0          0.00000000
 f   0   0   1   0   0   0   0   0   0   0   0   3   0          0.00000000
 f   0   0   0   1   0   0   0   0   0   0   0   4   0          0.00000000
 f   0   0   0   1   0   0   0   0   0   0   0   5   0          0.00000000
 f   0   0   1   0   0   0   0   0   0   0   0   6   0          0.00000000
 f   0   0   2   0   0   0   0   0   0   0   0   0   0          0.00000000
 f   0   0   1   1   0   0   0   0   0   0   0   0   0          0.00000000
 f   0   0   1   1   0   0   0   0   0   0   0   1   0          0.00000000
 f   0   0   0   2   0   0   0   0   0   0   0   1   2         71.44712871
 f   0   0   1   1   0   0   0   0   0   0   0   2   0          0.00000000
 f   0   0   0   2   0   0   0   0   0   0   0   2   0          0.00000000
 f   0   0   2   0   0   0   0   0   0   0   0   3   0          0.00000000
 f   0   0   1   1   0   0   0   0   0   0   0   3   0          0.00000000
 f   0   0   1   1   0   0   0   0   0   0   0   4   0          0.00000000
 f   0   0   0   2   0   0   0   0   0   0   0   4   0          0.00000000
 f   0   0   1   1   0   0   0   0   0   0   0   5   0          0.00000000
 f   0   0   0   2   0   0   0   0   0   0   0   5   0          0.00000000
 f   0   0   2   0   0   0   0   0   0   0   0   6   0          0.00000000
 f   0   0   1   1   0   0   0   0   0   0   0   6   0          0.00000000
 f   0   0   3   0   0   0   0   0   0   0   0   0   0          0.00000000
 f   0   0   2   1   0   0   0   0   0   0   0   0   0          0.00000000
 f   0   0   2   1   0   0   0   0   0   0   0   1   0          0.00000000
 f   0   0   0   3   0   0   0   0   0   0   0   1   2       -738.05462619
 f   0   0   2   1   0   0   0   0   0   0   0   2   0          0.00000000
 f   0   0   0   3   0   0   0   0   0   0   0   2   0          0.00000000
 f   0   0   3   0   0   0   0   0   0   0   0   3   0          0.00000000
 f   0   0   2   1   0   0   0   0   0   0   0   3   0          0.00000000
 f   0   0   2   1   0   0   0   0   0   0   0   4   0          0.00000000
 f   0   0   0   3   0   0   0   0   0   0   0   4   0          0.00000000
 f   0   0   2   1   0   0   0   0   0   0   0   5   0          0.00000000
 f   0   0   0   3   0   0   0   0   0   0   0   5   0          0.00000000
 f   0   0   3   0   0   0   0   0   0   0   0   6   0          0.00000000
 f   0   0   2   1   0   0   0   0   0   0   0   6   0          0.00000000
 h   0   0   2   1   0   0   0   0   0   0   0  -1   0          0.00000000
 h   0   0   2   1   0   0   0   0   0   0   0  -2   0          0.00000000
 h   0   0   2   1   0   0   0   0   0   0   0  -3   0          0.00000000
 h   0   0   2   1   0   0   0   0   0   0   0  -4   0          0.00000000
 h   0   0   2   1   0   0   0   0   0   0   0  -5   0          0.00000000
 h   0   0   2   1   0   0   0   0   0   0   0  -6   0          0.00000000

   -----------------------------------------------------------
   |  param  |  points |   deviat    |    rms      | stability |
   -----------------------------------------------------------
   |    10   |     33  |   0.84747E+00 |  0.36808E+05  |    0.962E-10 |

############################################################################################
