************************************************************************************************************************************
 ************************************************************************************************************************************
 ************************************************************************************************************************************
 ****************                                                                                                    ****************
 ****************          *  FITTING OF THE POTENTIAL PARAMETERS TO AB INITIO DATA                                  ****************
 ****************          *                                                                                         ****************
 ****************          *  2016                                                                                   ****************
 ****************          *  C2H6                                                                                   ****************

 ****************                                                                                                    ****************
 ************************************************************************************************************************************
 ************************************************************************************************************************************
 ************************************************************************************************************************************
 
        12 <= number of degrees of freedom
         5 <= number of bonds
         7 <= number of bond angles
        20 <= number of iterations in the fit
  0.000000 <= The fit is over if the stability is reached 
  0.000010 <= The fit is over if the st.dev. best is reached 
  1.000000 <= sterr parameter out 
  0.000010 <= stdev parameter out 
         2 <= watson robust on (1) or of (0) 
         8 <= number of non-linear parameters
 parameters of structure 
rCOe      =           1.430
rOHe      =           0.959
rH1e      =           1.092
aHOC      =         107.981
aHCO      =         110.665
a1        =           1.440
a2        =           1.660
b1        =           1.550

   ------------------------------------------------------------------
   |   iter  |  points |    deviat     |     rms       |  stability  |
   ------------------------------------------------------------------
   |     1   |     12  |   0.44058E+01 |  0.14465E+04  |   0.228E+08 |
   |     2   |     12  |   0.11211E+02 |  0.12069E+04  |   0.466E+00 |
   |     3   |     12  |   0.56933E+01 |  0.15751E+04  |   0.467E+00 |
   |     4   |     12  |   0.11702E+02 |  0.11734E+04  |   0.268E+00 |
   |     5   |     12  |   0.11029E+02 |  0.17890E+04  |   0.481E+00 |
   |     6   |     12  |   0.15238E+02 |  0.11085E+04  |   0.352E+00 |
   |     7   |     12  |   0.13062E+02 |  0.18098E+04  |   0.792E+00 |
   |     8   |     12  |   0.32652E+02 |  0.10768E+04  |   0.363E+01 |
   |     9   |     12  |   0.14449E+02 |  0.17994E+04  |   0.355E+00 |
   |    10   |     12  |   0.30724E+02 |  0.10842E+04  |   0.254E+00 |
   |    11   |     12  |   0.14656E+02 |  0.18047E+04  |   0.233E+00 |
   |    12   |     12  |   0.31459E+02 |  0.10811E+04  |   0.194E+00 |
   |    13   |     12  |   0.14784E+02 |  0.18028E+04  |   0.293E+00 |
   |    14   |     12  |   0.31128E+02 |  0.10822E+04  |   0.225E+00 |
   |    15   |     12  |   0.14823E+02 |  0.18038E+04  |   0.273E+00 |
   |    16   |     12  |   0.31248E+02 |  0.10817E+04  |   0.215E+00 |
   |    17   |     12  |   0.14845E+02 |  0.18035E+04  |   0.282E+00 |
   |    18   |     12  |   0.31194E+02 |  0.10819E+04  |   0.220E+00 |
   |    19   |     12  |   0.14854E+02 |  0.18036E+04  |   0.279E+00 |
   |    20   |     12  |   0.31213E+02 |  0.10818E+04  |   0.218E+00 |
   |    21   |     12  |   0.14858E+02 |  0.18036E+04  |   0.280E+00 |

Watson Alpha parameter  0.1000 fitted with rms2 = 


Potential parameters rounded in accord. with their standart errors

rC  0  0  0  0  0  0  0  0  0  0  0  0  9*** 71
rO  0  0  0  0  0  0  0  0  0  0  0  0  0***
rH  0  0  0  0  0  0  0  0  0  0  0  0  0***
aH  0  0  0  0  0  0  0  0  0  0  0  0  0***
aH  0  0  0  0  0  0  0  0  0  0  0  0  0***
a1  0  0  0  0  0  0  0  0  0  0  0  0  0***
a2  0  0  0  0  0  0  0  0  0  0  0  0  0***
b1  0  0  0  0  0  0  0  0  0  0  0  0  0***
 f  0  0  0  0  0  0  0  0  0  0  0  0  9***152
 f  1  0  0  0  0  0  0  0  0  0  0  0  0  0
 f  2  0  0  0  0  0  0  0  0  0  0  0  9******
 f  3  0  0  0  0  0  0  0  0  0  0  0  0  0
 f  4  0  0  0  0  0  0  0  0  0  0  0  0  0
 f  5  0  0  0  0  0  0  0  0  0  0  0  0  0
 f  6  0  0  0  0  0  0  0  0  0  0  0  0  0
 f  7  0  0  0  0  0  0  0  0  0  0  0  0  0
 f  8  0  0  0  0  0  0  0  0  0  0  0  0  0
------------------------------
*  FITTING OF THE POTENTIAL PARAMETERS TO AB INITIO DATA                        
*                                                                               
*  2016                                                                         
*  C2H6                                                                         
      rCOe                        9          1.43804933
      rOHe                        0          0.95887000
      rH1e                        0          1.09229400
      aHOC                        0        107.98120000
      aHCO                        0        110.66460000
        a1                        0          1.44000000
        a2                        0          1.66000000
        b1                        0          1.55000000
 f   0   0   0   0   0   0   0   0   0   0   0   0   9  -25371145.50243377
 f   1   0   0   0   0   0   0   0   0   0   0   0   0          0.00000000
 f   2   0   0   0   0   0   0   0   0   0   0   0   9      59823.61235393
 f   3   0   0   0   0   0   0   0   0   0   0   0   0          0.00000000
 f   4   0   0   0   0   0   0   0   0   0   0   0   0          0.00000000
 f   5   0   0   0   0   0   0   0   0   0   0   0   0          0.00000000
 f   6   0   0   0   0   0   0   0   0   0   0   0   0          0.00000000
 f   7   0   0   0   0   0   0   0   0   0   0   0   0          0.00000000
 f   8   0   0   0   0   0   0   0   0   0   0   0   0          0.00000000

Correlation coefficients larger than 0.9: 

               --------------------------------------------------------------------------------
               :     old parm   :     new parm   :  delta parm  :   std. err.  : sensitility
               --------------------------------------------------------------------------------
  1  rCOe       :          1.42  :          1.44  :         0.015:         0.007:         0.000: 
  2  f          :  -25371275.24  :  -25371145.50  :       129.743:       151.982:         0.495: 
  3  f          :      58076.79  :      59823.61  :      1746.827:      1209.592:         6.813: 

   -----------------------------------------------------------
   |  param  |  points |   deviat    |    rms      | stability |
   -----------------------------------------------------------
   |     3   |     12  |   0.14858E+02 |  0.37097E+08  |    0.280E+00 |

############################################################################################
