************************************************************************************************************************************
 ************************************************************************************************************************************
 ************************************************************************************************************************************
 ****************                                                                                                    ****************
 ****************          *  FITTING OF THE POTENTIAL PARAMETERS TO AB INITIO DATA                                  ****************
 ****************          *                                                                                         ****************
 ****************          *  2016                                                                                   ****************
 ****************          *  C2H6                                                                                   ****************

 ****************                                                                                                    ****************
 ************************************************************************************************************************************
 ************************************************************************************************************************************
 ************************************************************************************************************************************
 
        12 <= number of degrees of freedom
         5 <= number of bonds
         7 <= number of bond angles
        20 <= number of iterations in the fit
  0.000000 <= The fit is over if the stability is reached 
  0.000010 <= The fit is over if the st.dev. best is reached 
  1.000000 <= sterr parameter out 
  0.000010 <= stdev parameter out 
         2 <= watson robust on (1) or of (0) 
         8 <= number of non-linear parameters
 parameters of structure 
rCOe      =           1.422
rOHe      =           0.956
rH1e      =           1.092
aHOC      =         107.981
aHCO      =         110.665
a1        =           1.900
a2        =           2.300
b1        =           1.550

   ------------------------------------------------------------------
   |   iter  |  points |    deviat     |     rms       |  stability  |
   ------------------------------------------------------------------
   |     1   |     12  |   0.99407E+01 |  0.88551E+02  |   0.149E+09 |
   |     2   |     12  |   0.35854E+02 |  0.57342E+03  |   0.411E+00 |
   |     3   |     12  |   0.11207E+02 |  0.16606E+03  |   0.401E+01 |
   |     4   |     12  |   0.38187E+01 |  0.13059E+02  |   0.433E+01 |
   |     5   |     12  |   0.61555E+01 |  0.47891E+02  |   0.816E+00 |
   |     6   |     12  |   0.65335E+01 |  0.58095E+02  |   0.378E+00 |
   |     7   |     12  |   0.57678E+00 |  0.28433E+02  |   0.260E+02 |
   |     8   |     12  |   0.40088E+00 |  0.27539E+02  |   0.332E+00 |
   |     9   |     12  |   0.20625E+01 |  0.31309E+02  |   0.894E+00 |
   |    10   |     12  |   0.11394E+00 |  0.32672E+02  |   0.269E+02 |
   |    11   |     12  |   0.11407E+00 |  0.32591E+02  |   0.160E+00 |
   |    12   |     12  |   0.11392E+00 |  0.32674E+02  |   0.127E-02 |
   |    13   |     12  |   0.11392E+00 |  0.32674E+02  |   0.411E-04 |
   |    14   |     12  |   0.11392E+00 |  0.32674E+02  |   0.173E-06 |
   |    15   |     12  |   0.11392E+00 |  0.32674E+02  |   0.929E-08 |
   |    16   |     12  |   0.11392E+00 |  0.32674E+02  |   0.410E-08 |
   |    17   |     12  |   0.11392E+00 |  0.32674E+02  |   0.103E-08 |
   |    18   |     12  |   0.11392E+00 |  0.32674E+02  |   0.815E-08 |
   |    19   |     12  |   0.11392E+00 |  0.32674E+02  |   0.750E-08 |
   |    20   |     12  |   0.11392E+00 |  0.32674E+02  |   0.951E-09 |
   |    21   |     12  |   0.11392E+00 |  0.32674E+02  |   0.182E-08 |

Watson Alpha parameter  0.1000 fitted with rms2 = 


Potential parameters rounded in accord. with their standart errors

rC  0  0  0  0  0  0  0  0  0  0  0  0  0***
rO  0  0  0  0  0  0  0  0  0  0  0  0  9*** 35
rH  0  0  0  0  0  0  0  0  0  0  0  0  0***
aH  0  0  0  0  0  0  0  0  0  0  0  0  0***
aH  0  0  0  0  0  0  0  0  0  0  0  0  0***
a1  0  0  0  0  0  0  0  0  0  0  0  0  0***
a2  0  0  0  0  0  0  0  0  0  0  0  0  9*** 25
b1  0  0  0  0  0  0  0  0  0  0  0  0  0***
 f  0  0  0  0  0  0  0  0  0  0  0  0  9*** 10
 f  1  0  0  0  0  0  0  0  0  0  0  0  0  0
 f  2  0  0  0  0  0  0  0  0  0  0  0  0***
 f  3  0  0  0  0  0  0  0  0  0  0  0  0***
 f  4  0  0  0  0  0  0  0  0  0  0  0  0***
 f  5  0  0  0  0  0  0  0  0  0  0  0  0***
 f  6  0  0  0  0  0  0  0  0  0  0  0  0  0
 f  7  0  0  0  0  0  0  0  0  0  0  0  0  0
 f  8  0  0  0  0  0  0  0  0  0  0  0  0  0
 f  0  1  0  0  0  0  0  0  0  0  0  0  0  0
 f  0  2  0  0  0  0  0  0  0  0  0  0  9***888
 f  0  3  0  0  0  0  0  0  0  0  0  0  8***462
 f  0  4  0  0  0  0  0  0  0  0  0  0  7*** 37
 f  0  5  0  0  0  0  0  0  0  0  0  0  6***105
 f  0  6  0  0  0  0  0  0  0  0  0  0  5***155
 f  0  7  0  0  0  0  0  0  0  0  0  0  0  0
 f  0  8  0  0  0  0  0  0  0  0  0  0  0  0
------------------------------
*  FITTING OF THE POTENTIAL PARAMETERS TO AB INITIO DATA                        
*                                                                               
*  2016                                                                         
*  C2H6                                                                         
      rCOe                        0          1.42213849
      rOHe                        9          0.95551724
      rH1e                        0          1.09229400
      aHOC                        0        107.98120000
      aHCO                        0        110.66460000
        a1                        0          1.90000000
        a2                        9          2.30673289
        b1                        0          1.55000000
 f   0   0   0   0   0   0   0   0   0   0   0   0   9  -25371571.68856050
 f   1   0   0   0   0   0   0   0   0   0   0   0   0          0.00000000
 f   2   0   0   0   0   0   0   0   0   0   0   0   0      38857.32959987
 f   3   0   0   0   0   0   0   0   0   0   0   0   0       -162.13762540
 f   4   0   0   0   0   0   0   0   0   0   0   0   0       2667.04427653
 f   5   0   0   0   0   0   0   0   0   0   0   0   0       1476.86022234
 f   6   0   0   0   0   0   0   0   0   0   0   0   0          0.00000000
 f   7   0   0   0   0   0   0   0   0   0   0   0   0          0.00000000
 f   8   0   0   0   0   0   0   0   0   0   0   0   0          0.00000000
 f   0   1   0   0   0   0   0   0   0   0   0   0   0          0.00000000
 f   0   2   0   0   0   0   0   0   0   0   0   0   9      40333.99993848
 f   0   3   0   0   0   0   0   0   0   0   0   0   8       -677.28552799
 f   0   4   0   0   0   0   0   0   0   0   0   0   7       3135.70196735
 f   0   5   0   0   0   0   0   0   0   0   0   0   6       1512.68878654
 f   0   6   0   0   0   0   0   0   0   0   0   0   5        619.73476594
 f   0   7   0   0   0   0   0   0   0   0   0   0   0          0.00000000
 f   0   8   0   0   0   0   0   0   0   0   0   0   0          0.00000000

Correlation coefficients larger than 0.9: 
          corr( 2, 4) =  0.9999953
          corr( 2, 5) =  0.9997111
          corr( 2, 7) =  0.9624735
          corr( 2, 8) =  0.9318263
          corr( 4, 5) =  0.9997167
          corr( 4, 7) =  0.9623550
          corr( 4, 8) =  0.9313872
          corr( 5, 7) =  0.9556985
          corr( 5, 8) =  0.9386587
          corr( 6, 8) =  0.9355242

               --------------------------------------------------------------------------------
               :     old parm   :     new parm   :  delta parm  :   std. err.  : sensitility
               --------------------------------------------------------------------------------
  1  rOHe       :          0.96  :          0.96  :         0.000:         0.000:         0.000:!
  2  a2         :          2.31  :          2.31  :         0.000:         0.025:         0.000:!
  3  f          :  -25371571.69  :  -25371571.69  :         0.000:         0.103:         0.001:!
  4  f          :      40334.00  :      40334.00  :         0.000:       887.943:         0.008:!
  5  f          :       -677.29  :       -677.29  :         0.000:       461.660:         0.014:!
  6  f          :       3135.70  :       3135.70  :         0.000:        36.667:         0.026:!
  7  f          :       1512.69  :       1512.69  :         0.000:       105.133:         0.046:!
  8  f          :        619.73  :        619.73  :         0.000:       154.894:         0.081:!
relat_sterr_min,ilow_sterr, tivar:    0.10000000D+21   -1    5
rCOe                               0          1.42213849
rOHe                               9          0.95551724
rH1e                               0          1.09229400
aHOC                               0        107.98120000
aHCO                               0        110.66460000
a1                                 0          1.90000000
a2                                 9          2.30673289
b1                                 0          1.55000000
 f   0   0   0   0   0   0   0   0   0   0   0   0   9  -25371571.68856050
 f   1   0   0   0   0   0   0   0   0   0   0   0   0          0.00000000
 f   2   0   0   0   0   0   0   0   0   0   0   0   0      38857.32959987
 f   3   0   0   0   0   0   0   0   0   0   0   0   0       -162.13762540
 f   4   0   0   0   0   0   0   0   0   0   0   0   0       2667.04427653
 f   5   0   0   0   0   0   0   0   0   0   0   0   0       1476.86022234
 f   6   0   0   0   0   0   0   0   0   0   0   0   0          0.00000000
 f   7   0   0   0   0   0   0   0   0   0   0   0   0          0.00000000
 f   8   0   0   0   0   0   0   0   0   0   0   0   0          0.00000000
 f   0   1   0   0   0   0   0   0   0   0   0   0   0          0.00000000
 f   0   2   0   0   0   0   0   0   0   0   0   0   9      40333.99993848
 f   0   3   0   0   0   0   0   0   0   0   0   0   8       -677.28552799
 f   0   4   0   0   0   0   0   0   0   0   0   0   7       3135.70196735
 f   0   5   0   0   0   0   0   0   0   0   0   0   6       1512.68878654
 f   0   6   0   0   0   0   0   0   0   0   0   0   5        619.73476594
 f   0   7   0   0   0   0   0   0   0   0   0   0   0          0.00000000
 f   0   8   0   0   0   0   0   0   0   0   0   0   0          0.00000000
relat_sterr_min,ilow_sterr, tivar:    0.10000000D+21   -1    6
rCOe                               0          1.42213849
rOHe                               9          0.95551724
rH1e                               0          1.09229400
aHOC                               0        107.98120000
aHCO                               0        110.66460000
a1                                 0          1.90000000
a2                                 9          2.30673289
b1                                 0          1.55000000
 f   0   0   0   0   0   0   0   0   0   0   0   0   9  -25371571.68856050
 f   1   0   0   0   0   0   0   0   0   0   0   0   0          0.00000000
 f   2   0   0   0   0   0   0   0   0   0   0   0   0      38857.32959987
 f   3   0   0   0   0   0   0   0   0   0   0   0   0       -162.13762540
 f   4   0   0   0   0   0   0   0   0   0   0   0   0       2667.04427653
 f   5   0   0   0   0   0   0   0   0   0   0   0   0       1476.86022234
 f   6   0   0   0   0   0   0   0   0   0   0   0   0          0.00000000
 f   7   0   0   0   0   0   0   0   0   0   0   0   0          0.00000000
 f   8   0   0   0   0   0   0   0   0   0   0   0   0          0.00000000
 f   0   1   0   0   0   0   0   0   0   0   0   0   0          0.00000000
 f   0   2   0   0   0   0   0   0   0   0   0   0   9      40333.99993848
 f   0   3   0   0   0   0   0   0   0   0   0   0   8       -677.28552799
 f   0   4   0   0   0   0   0   0   0   0   0   0   7       3135.70196735
 f   0   5   0   0   0   0   0   0   0   0   0   0   6       1512.68878654
 f   0   6   0   0   0   0   0   0   0   0   0   0   5        619.73476594
 f   0   7   0   0   0   0   0   0   0   0   0   0   0          0.00000000
 f   0   8   0   0   0   0   0   0   0   0   0   0   0          0.00000000
relat_sterr_min,ilow_sterr, tivar:    0.10000000D+21   -1    7
rCOe                               0          1.42213849
rOHe                               9          0.95551724
rH1e                               0          1.09229400
aHOC                               0        107.98120000
aHCO                               0        110.66460000
a1                                 0          1.90000000
a2                                 9          2.30673289
b1                                 0          1.55000000
 f   0   0   0   0   0   0   0   0   0   0   0   0   9  -25371571.68856050
 f   1   0   0   0   0   0   0   0   0   0   0   0   0          0.00000000
 f   2   0   0   0   0   0   0   0   0   0   0   0   0      38857.32959987
 f   3   0   0   0   0   0   0   0   0   0   0   0   0       -162.13762540
 f   4   0   0   0   0   0   0   0   0   0   0   0   0       2667.04427653
 f   5   0   0   0   0   0   0   0   0   0   0   0   0       1476.86022234
 f   6   0   0   0   0   0   0   0   0   0   0   0   0          0.00000000
 f   7   0   0   0   0   0   0   0   0   0   0   0   0          0.00000000
 f   8   0   0   0   0   0   0   0   0   0   0   0   0          0.00000000
 f   0   1   0   0   0   0   0   0   0   0   0   0   0          0.00000000
 f   0   2   0   0   0   0   0   0   0   0   0   0   9      40333.99993848
 f   0   3   0   0   0   0   0   0   0   0   0   0   8       -677.28552799
 f   0   4   0   0   0   0   0   0   0   0   0   0   7       3135.70196735
 f   0   5   0   0   0   0   0   0   0   0   0   0   6       1512.68878654
 f   0   6   0   0   0   0   0   0   0   0   0   0   5        619.73476594
 f   0   7   0   0   0   0   0   0   0   0   0   0   0          0.00000000
 f   0   8   0   0   0   0   0   0   0   0   0   0   0          0.00000000
relat_sterr_min,ilow_sterr, tivar:    0.10000000D+21   -1    8
rCOe                               0          1.42213849
rOHe                               9          0.95551724
rH1e                               0          1.09229400
aHOC                               0        107.98120000
aHCO                               0        110.66460000
a1                                 0          1.90000000
a2                                 9          2.30673289
b1                                 0          1.55000000
 f   0   0   0   0   0   0   0   0   0   0   0   0   9  -25371571.68856050
 f   1   0   0   0   0   0   0   0   0   0   0   0   0          0.00000000
 f   2   0   0   0   0   0   0   0   0   0   0   0   0      38857.32959987
 f   3   0   0   0   0   0   0   0   0   0   0   0   0       -162.13762540
 f   4   0   0   0   0   0   0   0   0   0   0   0   0       2667.04427653
 f   5   0   0   0   0   0   0   0   0   0   0   0   0       1476.86022234
 f   6   0   0   0   0   0   0   0   0   0   0   0   0          0.00000000
 f   7   0   0   0   0   0   0   0   0   0   0   0   0          0.00000000
 f   8   0   0   0   0   0   0   0   0   0   0   0   0          0.00000000
 f   0   1   0   0   0   0   0   0   0   0   0   0   0          0.00000000
 f   0   2   0   0   0   0   0   0   0   0   0   0   9      40333.99993848
 f   0   3   0   0   0   0   0   0   0   0   0   0   8       -677.28552799
 f   0   4   0   0   0   0   0   0   0   0   0   0   7       3135.70196735
 f   0   5   0   0   0   0   0   0   0   0   0   0   6       1512.68878654
 f   0   6   0   0   0   0   0   0   0   0   0   0   5        619.73476594
 f   0   7   0   0   0   0   0   0   0   0   0   0   0          0.00000000
 f   0   8   0   0   0   0   0   0   0   0   0   0   0          0.00000000

   -----------------------------------------------------------
   |  param  |  points |   deviat    |    rms      | stability |
   -----------------------------------------------------------
   |     8   |     12  |   0.11392E+00 |  0.12844E+05  |    0.182E-08 |

############################################################################################
