************************************************************************************************************************************
 ************************************************************************************************************************************
 ************************************************************************************************************************************
 ****************                                                                                                    ****************
 ****************          *  FITTING OF THE POTENTIAL PARAMETERS TO AB INITIO DATA                                  ****************
 ****************          *                                                                                         ****************
 ****************          *  2016                                                                                   ****************
 ****************          *  C2H6                                                                                   ****************

 ****************                                                                                                    ****************
 ************************************************************************************************************************************
 ************************************************************************************************************************************
 ************************************************************************************************************************************
 
        12 <= number of degrees of freedom
         5 <= number of bonds
         7 <= number of bond angles
        20 <= number of iterations in the fit
  0.000000 <= The fit is over if the stability is reached 
  0.000010 <= The fit is over if the st.dev. best is reached 
  1.000000 <= sterr parameter out 
  0.000010 <= stdev parameter out 
         2 <= watson robust on (1) or of (0) 
         8 <= number of non-linear parameters
 parameters of structure 
rCOe      =           1.438
rOHe      =           0.959
rH1e      =           1.092
aHOC      =         107.981
aHCO      =         110.665
a1        =           1.440
a2        =           1.660
b1        =           1.550

   ------------------------------------------------------------------
   |   iter  |  points |    deviat     |     rms       |  stability  |
   ------------------------------------------------------------------
   |     1   |      7  |   0.36619E+02 |  0.10819E+04  |   0.170E+08 |
   |     3   |      7  |   0.37249E+02 |  0.34469E+03  |   0.220E+02 |
   |     4   |      7  |   0.59061E+01 |  0.28031E+03  |   0.211E+01 |
   |     5   |      7  |   0.75748E+01 |  0.26929E+03  |   0.166E+00 |
   |     6   |      7  |   0.50730E+01 |  0.28857E+03  |   0.187E+00 |
   |     7   |      7  |   0.71825E+01 |  0.27881E+03  |   0.202E+00 |
   |     8   |      7  |   0.48689E+01 |  0.29269E+03  |   0.338E+00 |
   |     9   |      7  |   0.52796E+01 |  0.29353E+03  |   0.943E+00 |
   |    10   |      7  |   0.49798E+01 |  0.29386E+03  |   0.683E+00 |
   |    11   |      7  |   0.40166E+01 |  0.29963E+03  |   0.224E+01 |
   |    12   |      7  |   0.51142E+01 |  0.29500E+03  |   0.706E+00 |
   |    13   |      7  |   0.39360E+01 |  0.29786E+03  |   0.243E+01 |
   |    14   |      7  |   0.52527E+01 |  0.29664E+03  |   0.605E+00 |
   |    15   |      7  |   0.39206E+01 |  0.29590E+03  |   0.165E+01 |
   |    16   |      7  |   0.52608E+01 |  0.29881E+03  |   0.323E+00 |
   |    17   |      7  |   0.39177E+01 |  0.29441E+03  |   0.597E+00 |
   |    18   |      7  |   0.44930E+01 |  0.29961E+03  |   0.154E+00 |
   |    19   |      7  |   0.39171E+01 |  0.29326E+03  |   0.657E-03 |
   |    20   |      7  |   0.39858E+01 |  0.29795E+03  |   0.891E-01 |
   |    21   |      7  |   0.39155E+01 |  0.29225E+03  |   0.704E-02 |

Watson Alpha parameter  0.1000 fitted with rms2 = 


Potential parameters rounded in accord. with their standart errors

rC  0  0  0  0  0  0  0  0  0  0  0  0  9*** 14
rO  0  0  0  0  0  0  0  0  0  0  0  0  0***
rH  0  0  0  0  0  0  0  0  0  0  0  0  0***
aH  0  0  0  0  0  0  0  0  0  0  0  0  0***
aH  0  0  0  0  0  0  0  0  0  0  0  0  0***
a1  0  0  0  0  0  0  0  0  0  0  0  0  9*** 76
a2  0  0  0  0  0  0  0  0  0  0  0  0  0***
b1  0  0  0  0  0  0  0  0  0  0  0  0  0***
 f  0  0  0  0  0  0  0  0  0  0  0  0  9*** 24
 f  1  0  0  0  0  0  0  0  0  0  0  0  0  0
 f  2  0  0  0  0  0  0  0  0  0  0  0  9***306
 f  3  0  0  0  0  0  0  0  0  0  0  0  0  0
 f  4  0  0  0  0  0  0  0  0  0  0  0  0  0
 f  5  0  0  0  0  0  0  0  0  0  0  0  0  0
 f  6  0  0  0  0  0  0  0  0  0  0  0  0  0
 f  7  0  0  0  0  0  0  0  0  0  0  0  0  0
 f  8  0  0  0  0  0  0  0  0  0  0  0  0  0
------------------------------
*  FITTING OF THE POTENTIAL PARAMETERS TO AB INITIO DATA                        
*                                                                               
*  2016                                                                         
*  C2H6                                                                         
      rCOe                        9          1.42224760
      rOHe                        0          0.95887000
      rH1e                        0          1.09229400
      aHOC                        0        107.98120000
      aHCO                        0        110.66460000
        a1                        9          1.90471970
        a2                        0          1.66000000
        b1                        0          1.55000000
 f   0   0   0   0   0   0   0   0   0   0   0   0   9  -25371574.04074834
 f   1   0   0   0   0   0   0   0   0   0   0   0   0          0.00000000
 f   2   0   0   0   0   0   0   0   0   0   0   0   9      39059.91098842
 f   3   0   0   0   0   0   0   0   0   0   0   0   0          0.00000000
 f   4   0   0   0   0   0   0   0   0   0   0   0   0          0.00000000
 f   5   0   0   0   0   0   0   0   0   0   0   0   0          0.00000000
 f   6   0   0   0   0   0   0   0   0   0   0   0   0          0.00000000
 f   7   0   0   0   0   0   0   0   0   0   0   0   0          0.00000000
 f   8   0   0   0   0   0   0   0   0   0   0   0   0          0.00000000

Correlation coefficients larger than 0.9: 
          corr( 1, 2) =  0.9552501
          corr( 1, 4) =  0.9342524
          corr( 2, 4) =  0.9961247

               --------------------------------------------------------------------------------
               :     old parm   :     new parm   :  delta parm  :   std. err.  : sensitility
               --------------------------------------------------------------------------------
  1  rCOe       :          1.42  :          1.42  :         0.000:         0.000:         0.000: 
  2  a1         :          1.90  :          1.90  :         0.001:         0.008:         0.000: 
  3  f          :  -25371574.15  :  -25371574.04  :         0.110:         2.380:         0.098: 
  4  f          :      39110.08  :      39059.91  :       -50.174:       306.349:         0.893: 

   -----------------------------------------------------------
   |  param  |  points |   deviat    |    rms      | stability |
   -----------------------------------------------------------
   |     4   |      7  |   0.39155E+01 |  0.11142E+07  |    0.704E-02 |

############################################################################################
