************************************************************************************************************************************
 ************************************************************************************************************************************
 ************************************************************************************************************************************
 ****************                                                                                                    ****************
 ****************          *  FITTING OF THE POTENTIAL PARAMETERS TO AB INITIO DATA                                  ****************
 ****************          *                                                                                         ****************
 ****************          *  2016                                                                                   ****************
 ****************          *  C2H6                                                                                   ****************

 ****************                                                                                                    ****************
 ************************************************************************************************************************************
 ************************************************************************************************************************************
 ************************************************************************************************************************************
 
        12 <= number of degrees of freedom
         5 <= number of bonds
         7 <= number of bond angles
        20 <= number of iterations in the fit
  0.000000 <= The fit is over if the stability is reached 
  0.000010 <= The fit is over if the st.dev. best is reached 
  1.000000 <= sterr parameter out 
  0.000010 <= stdev parameter out 
         2 <= watson robust on (1) or of (0) 
         8 <= number of non-linear parameters
 parameters of structure 
rCOe      =           1.422
rOHe      =           0.956
rH1e      =           1.091
aHOC      =         107.981
aHCO      =         110.665
a1        =           1.900
a2        =           2.300
b1        =           1.890

   ------------------------------------------------------------------
   |   iter  |  points |    deviat     |     rms       |  stability  |
   ------------------------------------------------------------------
   |     1   |     12  |   0.65504E+01 |  0.47934E+03  |   0.504E+08 |
   |     2   |     12  |   0.29503E+01 |  0.19393E+02  |   0.492E+02 |
   |     3   |     12  |   0.38148E+01 |  0.22340E+03  |   0.874E+00 |
   |     4   |     12  |   0.18659E+01 |  0.27513E+03  |   0.111E+02 |
   |     5   |     12  |   0.28404E+01 |  0.34543E+03  |   0.504E+00 |
   |     6   |     12  |   0.17999E+01 |  0.30836E+03  |   0.146E+01 |
   |     7   |     12  |   0.18594E+01 |  0.32520E+03  |   0.151E+00 |
   |     8   |     12  |   0.18000E+01 |  0.31118E+03  |   0.106E-01 |
   |     9   |     12  |   0.18040E+01 |  0.31481E+03  |   0.153E-01 |
   |    10   |     12  |   0.18002E+01 |  0.31193E+03  |   0.131E-02 |
   |    11   |     12  |   0.18009E+01 |  0.31314E+03  |   0.204E-02 |
   |    12   |     12  |   0.18003E+01 |  0.31230E+03  |   0.376E-03 |
   |    13   |     12  |   0.18006E+01 |  0.31286E+03  |   0.404E-03 |
   |    14   |     12  |   0.18004E+01 |  0.31250E+03  |   0.139E-03 |
   |    15   |     12  |   0.18005E+01 |  0.31278E+03  |   0.123E-03 |
   |    16   |     12  |   0.18004E+01 |  0.31260E+03  |   0.670E-04 |
   |    17   |     12  |   0.18005E+01 |  0.31275E+03  |   0.512E-04 |
   |    18   |     12  |   0.18004E+01 |  0.31266E+03  |   0.352E-04 |
   |    19   |     12  |   0.18005E+01 |  0.31274E+03  |   0.246E-04 |
   |    20   |     12  |   0.18005E+01 |  0.31269E+03  |   0.188E-04 |
   |    21   |     12  |   0.18005E+01 |  0.31273E+03  |   0.126E-04 |

Watson Alpha parameter  0.1000 fitted with rms2 = 


Potential parameters rounded in accord. with their standart errors

rC  0  0  0  0  0  0  0  0  0  0  0  0  0***
rO  0  0  0  0  0  0  0  0  0  0  0  0  0***
rH  0  0  0  0  0  0  0  0  0  0  0  0  0***
aH  0  0  0  0  0  0  0  0  0  0  0  0  0***
aH  0  0  0  0  0  0  0  0  0  0  0  0  0***
a1  0  0  0  0  0  0  0  0  0  0  0  0  0***
a2  0  0  0  0  0  0  0  0  0  0  0  0  0***
b1  0  0  0  0  0  0  0  0  0  0  0  0  0***
 f  0  0  0  0  0  0  0  0  0  0  0  0  9*** 11
 f  1  0  0  0  0  0  0  0  0  0  0  0  0  0
 f  2  0  0  0  0  0  0  0  0  0  0  0  0***
 f  3  0  0  0  0  0  0  0  0  0  0  0  0***
 f  4  0  0  0  0  0  0  0  0  0  0  0  0***
 f  5  0  0  0  0  0  0  0  0  0  0  0  0***
 f  6  0  0  0  0  0  0  0  0  0  0  0  0  0
 f  7  0  0  0  0  0  0  0  0  0  0  0  0  0
 f  8  0  0  0  0  0  0  0  0  0  0  0  0  0
 f  0  1  0  0  0  0  0  0  0  0  0  0  0  0
 f  0  2  0  0  0  0  0  0  0  0  0  0  0***
 f  0  3  0  0  0  0  0  0  0  0  0  0  0***
 f  0  4  0  0  0  0  0  0  0  0  0  0  0***
 f  0  5  0  0  0  0  0  0  0  0  0  0  0***
 f  0  6  0  0  0  0  0  0  0  0  0  0  0***
 f  0  7  0  0  0  0  0  0  0  0  0  0  0  0
 f  0  8  0  0  0  0  0  0  0  0  0  0  0  0
 f  0  0  2  0  0  0  0  0  0  0  0  0  9***119
 f  0  0  3  0  0  0  0  0  0  0  0  0  8***335
 f  0  0  4  0  0  0  0  0  0  0  0  0  7***788
 f  0  0  5  0  0  0  0  0  0  0  0  0  6******
 f  0  0  6  0  0  0  0  0  0  0  0  0  5******
------------------------------
*  FITTING OF THE POTENTIAL PARAMETERS TO AB INITIO DATA                        
*                                                                               
*  2016                                                                         
*  C2H6                                                                         
      rCOe                        0          1.42213849
      rOHe                        0          0.95563603
      rH1e                        0          1.09116332
      aHOC                        0        107.98120000
      aHCO                        0        110.66460000
        a1                        0          1.90000000
        a2                        0          2.30000000
        b1                        0          1.89000000
 f   0   0   0   0   0   0   0   0   0   0   0   0   9  -25371571.23582963
 f   1   0   0   0   0   0   0   0   0   0   0   0   0          0.00000000
 f   2   0   0   0   0   0   0   0   0   0   0   0   0      38857.32959987
 f   3   0   0   0   0   0   0   0   0   0   0   0   0       -162.13762540
 f   4   0   0   0   0   0   0   0   0   0   0   0   0       2667.04427653
 f   5   0   0   0   0   0   0   0   0   0   0   0   0       1476.86022234
 f   6   0   0   0   0   0   0   0   0   0   0   0   0          0.00000000
 f   7   0   0   0   0   0   0   0   0   0   0   0   0          0.00000000
 f   8   0   0   0   0   0   0   0   0   0   0   0   0          0.00000000
 f   0   1   0   0   0   0   0   0   0   0   0   0   0          0.00000000
 f   0   2   0   0   0   0   0   0   0   0   0   0   0      40333.99988407
 f   0   3   0   0   0   0   0   0   0   0   0   0   0       -677.28550008
 f   0   4   0   0   0   0   0   0   0   0   0   0   0       3135.70196644
 f   0   5   0   0   0   0   0   0   0   0   0   0   0       1512.68879367
 f   0   6   0   0   0   0   0   0   0   0   0   0   0        619.73477278
 f   0   7   0   0   0   0   0   0   0   0   0   0   0          0.00000000
 f   0   8   0   0   0   0   0   0   0   0   0   0   0          0.00000000
 f   0   0   2   0   0   0   0   0   0   0   0   0   9     110399.01670356
 f   0   0   3   0   0   0   0   0   0   0   0   0   8       -897.23438010
 f   0   0   4   0   0   0   0   0   0   0   0   0   7       5860.41631449
 f   0   0   5   0   0   0   0   0   0   0   0   0   6      -4703.92393905
 f   0   0   6   0   0   0   0   0   0   0   0   0   5      17526.93039682

Correlation coefficients larger than 0.9: 
          corr( 3, 5) =  0.9963672

               --------------------------------------------------------------------------------
               :     old parm   :     new parm   :  delta parm  :   std. err.  : sensitility
               --------------------------------------------------------------------------------
  1  f          :  -25371571.23  :  -25371571.24  :        -0.002:         1.120:         0.030:!
  2  f          :     110398.90  :     110399.02  :         0.117:       119.292:         0.517:!
  3  f          :       -897.06  :       -897.23  :        -0.179:       335.203:         0.986:!
  4  f          :       5860.71  :       5860.42  :        -0.291:       788.080:         1.801:!
  5  f          :      -4704.79  :      -4703.92  :         0.868:      1609.549:         3.193:!
  6  f          :      17527.51  :      17526.93  :        -0.576:      2518.418:         5.538:!
relat_sterr_min,ilow_sterr, tivar:    0.10000000D+21   -1    5
rCOe                               0          1.42213849
rOHe                               0          0.95563603
rH1e                               0          1.09116332
aHOC                               0        107.98120000
aHCO                               0        110.66460000
a1                                 0          1.90000000
a2                                 0          2.30000000
b1                                 0          1.89000000
 f   0   0   0   0   0   0   0   0   0   0   0   0   9  -25371571.23582963
 f   1   0   0   0   0   0   0   0   0   0   0   0   0          0.00000000
 f   2   0   0   0   0   0   0   0   0   0   0   0   0      38857.32959987
 f   3   0   0   0   0   0   0   0   0   0   0   0   0       -162.13762540
 f   4   0   0   0   0   0   0   0   0   0   0   0   0       2667.04427653
 f   5   0   0   0   0   0   0   0   0   0   0   0   0       1476.86022234
 f   6   0   0   0   0   0   0   0   0   0   0   0   0          0.00000000
 f   7   0   0   0   0   0   0   0   0   0   0   0   0          0.00000000
 f   8   0   0   0   0   0   0   0   0   0   0   0   0          0.00000000
 f   0   1   0   0   0   0   0   0   0   0   0   0   0          0.00000000
 f   0   2   0   0   0   0   0   0   0   0   0   0   0      40333.99988407
 f   0   3   0   0   0   0   0   0   0   0   0   0   0       -677.28550008
 f   0   4   0   0   0   0   0   0   0   0   0   0   0       3135.70196644
 f   0   5   0   0   0   0   0   0   0   0   0   0   0       1512.68879367
 f   0   6   0   0   0   0   0   0   0   0   0   0   0        619.73477278
 f   0   7   0   0   0   0   0   0   0   0   0   0   0          0.00000000
 f   0   8   0   0   0   0   0   0   0   0   0   0   0          0.00000000
 f   0   0   2   0   0   0   0   0   0   0   0   0   9     110399.01670356
 f   0   0   3   0   0   0   0   0   0   0   0   0   8       -897.23438010
 f   0   0   4   0   0   0   0   0   0   0   0   0   7       5860.41631449
 f   0   0   5   0   0   0   0   0   0   0   0   0   6      -4703.92393905
 f   0   0   6   0   0   0   0   0   0   0   0   0   5      17526.93039682
relat_sterr_min,ilow_sterr, tivar:    0.10000000D+21   -1    6
rCOe                               0          1.42213849
rOHe                               0          0.95563603
rH1e                               0          1.09116332
aHOC                               0        107.98120000
aHCO                               0        110.66460000
a1                                 0          1.90000000
a2                                 0          2.30000000
b1                                 0          1.89000000
 f   0   0   0   0   0   0   0   0   0   0   0   0   9  -25371571.23582963
 f   1   0   0   0   0   0   0   0   0   0   0   0   0          0.00000000
 f   2   0   0   0   0   0   0   0   0   0   0   0   0      38857.32959987
 f   3   0   0   0   0   0   0   0   0   0   0   0   0       -162.13762540
 f   4   0   0   0   0   0   0   0   0   0   0   0   0       2667.04427653
 f   5   0   0   0   0   0   0   0   0   0   0   0   0       1476.86022234
 f   6   0   0   0   0   0   0   0   0   0   0   0   0          0.00000000
 f   7   0   0   0   0   0   0   0   0   0   0   0   0          0.00000000
 f   8   0   0   0   0   0   0   0   0   0   0   0   0          0.00000000
 f   0   1   0   0   0   0   0   0   0   0   0   0   0          0.00000000
 f   0   2   0   0   0   0   0   0   0   0   0   0   0      40333.99988407
 f   0   3   0   0   0   0   0   0   0   0   0   0   0       -677.28550008
 f   0   4   0   0   0   0   0   0   0   0   0   0   0       3135.70196644
 f   0   5   0   0   0   0   0   0   0   0   0   0   0       1512.68879367
 f   0   6   0   0   0   0   0   0   0   0   0   0   0        619.73477278
 f   0   7   0   0   0   0   0   0   0   0   0   0   0          0.00000000
 f   0   8   0   0   0   0   0   0   0   0   0   0   0          0.00000000
 f   0   0   2   0   0   0   0   0   0   0   0   0   9     110399.01670356
 f   0   0   3   0   0   0   0   0   0   0   0   0   8       -897.23438010
 f   0   0   4   0   0   0   0   0   0   0   0   0   7       5860.41631449
 f   0   0   5   0   0   0   0   0   0   0   0   0   6      -4703.92393905
 f   0   0   6   0   0   0   0   0   0   0   0   0   5      17526.93039682
relat_sterr_min,ilow_sterr, tivar:    0.10000000D+21   -1    7
rCOe                               0          1.42213849
rOHe                               0          0.95563603
rH1e                               0          1.09116332
aHOC                               0        107.98120000
aHCO                               0        110.66460000
a1                                 0          1.90000000
a2                                 0          2.30000000
b1                                 0          1.89000000
 f   0   0   0   0   0   0   0   0   0   0   0   0   9  -25371571.23582963
 f   1   0   0   0   0   0   0   0   0   0   0   0   0          0.00000000
 f   2   0   0   0   0   0   0   0   0   0   0   0   0      38857.32959987
 f   3   0   0   0   0   0   0   0   0   0   0   0   0       -162.13762540
 f   4   0   0   0   0   0   0   0   0   0   0   0   0       2667.04427653
 f   5   0   0   0   0   0   0   0   0   0   0   0   0       1476.86022234
 f   6   0   0   0   0   0   0   0   0   0   0   0   0          0.00000000
 f   7   0   0   0   0   0   0   0   0   0   0   0   0          0.00000000
 f   8   0   0   0   0   0   0   0   0   0   0   0   0          0.00000000
 f   0   1   0   0   0   0   0   0   0   0   0   0   0          0.00000000
 f   0   2   0   0   0   0   0   0   0   0   0   0   0      40333.99988407
 f   0   3   0   0   0   0   0   0   0   0   0   0   0       -677.28550008
 f   0   4   0   0   0   0   0   0   0   0   0   0   0       3135.70196644
 f   0   5   0   0   0   0   0   0   0   0   0   0   0       1512.68879367
 f   0   6   0   0   0   0   0   0   0   0   0   0   0        619.73477278
 f   0   7   0   0   0   0   0   0   0   0   0   0   0          0.00000000
 f   0   8   0   0   0   0   0   0   0   0   0   0   0          0.00000000
 f   0   0   2   0   0   0   0   0   0   0   0   0   9     110399.01670356
 f   0   0   3   0   0   0   0   0   0   0   0   0   8       -897.23438010
 f   0   0   4   0   0   0   0   0   0   0   0   0   7       5860.41631449
 f   0   0   5   0   0   0   0   0   0   0   0   0   6      -4703.92393905
 f   0   0   6   0   0   0   0   0   0   0   0   0   5      17526.93039682
relat_sterr_min,ilow_sterr, tivar:    0.10000000D+21   -1    8
rCOe                               0          1.42213849
rOHe                               0          0.95563603
rH1e                               0          1.09116332
aHOC                               0        107.98120000
aHCO                               0        110.66460000
a1                                 0          1.90000000
a2                                 0          2.30000000
b1                                 0          1.89000000
 f   0   0   0   0   0   0   0   0   0   0   0   0   9  -25371571.23582963
 f   1   0   0   0   0   0   0   0   0   0   0   0   0          0.00000000
 f   2   0   0   0   0   0   0   0   0   0   0   0   0      38857.32959987
 f   3   0   0   0   0   0   0   0   0   0   0   0   0       -162.13762540
 f   4   0   0   0   0   0   0   0   0   0   0   0   0       2667.04427653
 f   5   0   0   0   0   0   0   0   0   0   0   0   0       1476.86022234
 f   6   0   0   0   0   0   0   0   0   0   0   0   0          0.00000000
 f   7   0   0   0   0   0   0   0   0   0   0   0   0          0.00000000
 f   8   0   0   0   0   0   0   0   0   0   0   0   0          0.00000000
 f   0   1   0   0   0   0   0   0   0   0   0   0   0          0.00000000
 f   0   2   0   0   0   0   0   0   0   0   0   0   0      40333.99988407
 f   0   3   0   0   0   0   0   0   0   0   0   0   0       -677.28550008
 f   0   4   0   0   0   0   0   0   0   0   0   0   0       3135.70196644
 f   0   5   0   0   0   0   0   0   0   0   0   0   0       1512.68879367
 f   0   6   0   0   0   0   0   0   0   0   0   0   0        619.73477278
 f   0   7   0   0   0   0   0   0   0   0   0   0   0          0.00000000
 f   0   8   0   0   0   0   0   0   0   0   0   0   0          0.00000000
 f   0   0   2   0   0   0   0   0   0   0   0   0   9     110399.01670356
 f   0   0   3   0   0   0   0   0   0   0   0   0   8       -897.23438010
 f   0   0   4   0   0   0   0   0   0   0   0   0   7       5860.41631449
 f   0   0   5   0   0   0   0   0   0   0   0   0   6      -4703.92393905
 f   0   0   6   0   0   0   0   0   0   0   0   0   5      17526.93039682

   -----------------------------------------------------------
   |  param  |  points |   deviat    |    rms      | stability |
   -----------------------------------------------------------
   |     6   |     12  |   0.18005E+01 |  0.11737E+07  |    0.126E-04 |

############################################################################################
