************************************************************************************************************************************
 ************************************************************************************************************************************
 ************************************************************************************************************************************
 ****************                                                                                                    ****************
 ****************          *  FITTING OF THE POTENTIAL PARAMETERS TO AB INITIO DATA                                  ****************
 ****************          *                                                                                         ****************
 ****************          *  2016                                                                                   ****************
 ****************          *  C2H6                                                                                   ****************

 ****************                                                                                                    ****************
 ************************************************************************************************************************************
 ************************************************************************************************************************************
 ************************************************************************************************************************************
 
        12 <= number of degrees of freedom
         5 <= number of bonds
         7 <= number of bond angles
        20 <= number of iterations in the fit
  0.000000 <= The fit is over if the stability is reached 
  0.000010 <= The fit is over if the st.dev. best is reached 
  1.000000 <= sterr parameter out 
  0.000010 <= stdev parameter out 
         2 <= watson robust on (1) or of (0) 
         8 <= number of non-linear parameters
 parameters of structure 
rCOe      =           1.430
rOHe      =           0.959
rH1e      =           1.092
aHOC      =         107.981
aHCO      =         110.665
a1        =           1.440
a2        =           1.660
b1        =           1.550

   ------------------------------------------------------------------
   |   iter  |  points |    deviat     |     rms       |  stability  |
   ------------------------------------------------------------------
   |     3   |     12  |   0.69337E+02 |  0.14341E+04  |   0.674E+01 |
   |     4   |     12  |   0.62154E+02 |  0.14560E+04  |   0.945E+00 |
   |     5   |     12  |   0.97042E+01 |  0.14346E+04  |   0.109E+00 |
   |     6   |     12  |   0.17379E+02 |  0.14532E+04  |   0.147E+01 |
   |     7   |     12  |   0.70991E+01 |  0.14351E+04  |   0.597E+00 |
   |     8   |     12  |   0.96689E+01 |  0.14482E+04  |   0.232E+00 |
   |     9   |     12  |   0.69133E+01 |  0.14351E+04  |   0.112E+00 |
   |    10   |     12  |   0.62665E+01 |  0.14465E+04  |   0.783E-01 |
   |    11   |     12  |   0.69114E+01 |  0.14351E+04  |   0.370E+00 |
   |    12   |     12  |   0.62466E+01 |  0.14465E+04  |   0.270E+00 |
   |    13   |     12  |   0.69114E+01 |  0.14351E+04  |   0.373E+00 |
   |    14   |     12  |   0.62466E+01 |  0.14465E+04  |   0.272E+00 |
   |    15   |     12  |   0.69114E+01 |  0.14351E+04  |   0.373E+00 |
   |    16   |     12  |   0.62466E+01 |  0.14465E+04  |   0.272E+00 |
   |    17   |     12  |   0.69114E+01 |  0.14351E+04  |   0.373E+00 |
   |    18   |     12  |   0.62466E+01 |  0.14465E+04  |   0.272E+00 |
   |    19   |     12  |   0.69114E+01 |  0.14351E+04  |   0.373E+00 |
   |    20   |     12  |   0.62466E+01 |  0.14465E+04  |   0.272E+00 |
   |    21   |     12  |   0.69114E+01 |  0.14351E+04  |   0.373E+00 |

Watson Alpha parameter  0.1000 fitted with rms2 = 


Potential parameters rounded in accord. with their standart errors

rC  0  0  0  0  0  0  0  0  0  0  0  0  0***
rO  0  0  0  0  0  0  0  0  0  0  0  0  0***
rH  0  0  0  0  0  0  0  0  0  0  0  0  0***
aH  0  0  0  0  0  0  0  0  0  0  0  0  0***
aH  0  0  0  0  0  0  0  0  0  0  0  0  0***
a1  0  0  0  0  0  0  0  0  0  0  0  0  0***
a2  0  0  0  0  0  0  0  0  0  0  0  0  0***
b1  0  0  0  0  0  0  0  0  0  0  0  0  0***
 f  0  0  0  0  0  0  0  0  0  0  0  0  9*** 77
 f  1  0  0  0  0  0  0  0  0  0  0  0  0  0
 f  2  0  0  0  0  0  0  0  0  0  0  0  9***736
 f  3  0  0  0  0  0  0  0  0  0  0  0  0  0
 f  4  0  0  0  0  0  0  0  0  0  0  0  0  0
 f  5  0  0  0  0  0  0  0  0  0  0  0  0  0
 f  6  0  0  0  0  0  0  0  0  0  0  0  0  0
 f  7  0  0  0  0  0  0  0  0  0  0  0  0  0
 f  8  0  0  0  0  0  0  0  0  0  0  0  0  0
------------------------------
*  FITTING OF THE POTENTIAL PARAMETERS TO AB INITIO DATA                        
*                                                                               
*  2016                                                                         
*  C2H6                                                                         
      rCOe                        0          1.42960000
      rOHe                        0          0.95887000
      rH1e                        0          1.09229400
      aHOC                        0        107.98120000
      aHCO                        0        110.66460000
        a1                        0          1.44000000
        a2                        0          1.66000000
        b1                        0          1.55000000
 f   0   0   0   0   0   0   0   0   0   0   0   0   9  -25371110.55374114
 f   1   0   0   0   0   0   0   0   0   0   0   0   0          0.00000000
 f   2   0   0   0   0   0   0   0   0   0   0   0   9      59002.90793798
 f   3   0   0   0   0   0   0   0   0   0   0   0   0          0.00000000
 f   4   0   0   0   0   0   0   0   0   0   0   0   0          0.00000000
 f   5   0   0   0   0   0   0   0   0   0   0   0   0          0.00000000
 f   6   0   0   0   0   0   0   0   0   0   0   0   0          0.00000000
 f   7   0   0   0   0   0   0   0   0   0   0   0   0          0.00000000
 f   8   0   0   0   0   0   0   0   0   0   0   0   0          0.00000000

Correlation coefficients larger than 0.9: 
          corr( 1, 2) =  0.9598516

               --------------------------------------------------------------------------------
               :     old parm   :     new parm   :  delta parm  :   std. err.  : sensitility
               --------------------------------------------------------------------------------
  1  f          :  -25371335.93  :  -25371110.55  :       225.376:        76.881:         0.346: 
  2  f          :      60834.52  :      59002.91  :     -1831.614:       735.737:         3.202: 

   -----------------------------------------------------------
   |  param  |  points |   deviat    |    rms      | stability |
   -----------------------------------------------------------
   |     2   |     12  |   0.69114E+01 |  0.25108E+08  |    0.373E+00 |

############################################################################################
