************************************************************************************************************************************
 ************************************************************************************************************************************
 ************************************************************************************************************************************
 ****************                                                                                                    ****************
 ****************          *  FITTING OF THE POTENTIAL PARAMETERS TO AB INITIO DATA                                  ****************
 ****************          *                                                                                         ****************
 ****************          *  2016                                                                                   ****************
 ****************          *  C2H6                                                                                   ****************

 ****************                                                                                                    ****************
 ************************************************************************************************************************************
 ************************************************************************************************************************************
 ************************************************************************************************************************************
 
        12 <= number of degrees of freedom
         5 <= number of bonds
         7 <= number of bond angles
        20 <= number of iterations in the fit
  0.000000 <= The fit is over if the stability is reached 
  0.000010 <= The fit is over if the st.dev. best is reached 
  1.000000 <= sterr parameter out 
  0.000010 <= stdev parameter out 
         2 <= watson robust on (1) or of (0) 
         8 <= number of non-linear parameters
 parameters of structure 
rCOe      =           1.422
rOHe      =           0.959
rH1e      =           1.092
aHOC      =         107.981
aHCO      =         110.665
a1        =           1.900
a2        =           1.660
b1        =           1.550

   ------------------------------------------------------------------
   |   iter  |  points |    deviat     |     rms       |  stability  |
   ------------------------------------------------------------------
   |     1   |     12  |   0.75168E+01 |  0.33106E+03  |   0.559E+08 |
   |     2   |     12  |   0.34431E+00 |  0.10205E+02  |   0.558E+03 |
   |     3   |     12  |   0.69525E+00 |  0.11968E+02  |   0.587E+00 |
   |     4   |     12  |   0.14783E+00 |  0.24210E+02  |   0.429E+01 |
   |     5   |     12  |   0.14869E+00 |  0.23564E+02  |   0.143E-01 |
   |     6   |     12  |   0.14781E+00 |  0.24275E+02  |   0.592E-02 |
   |     7   |     12  |   0.14781E+00 |  0.24273E+02  |   0.239E-04 |
   |     8   |     12  |   0.14781E+00 |  0.24276E+02  |   0.285E-06 |
   |     9   |     12  |   0.14781E+00 |  0.24276E+02  |   0.345E-06 |
   |    10   |     12  |   0.14781E+00 |  0.24276E+02  |   0.979E-08 |
   |    11   |     12  |   0.14781E+00 |  0.24276E+02  |   0.768E-08 |
   |    12   |     12  |   0.14781E+00 |  0.24276E+02  |   0.563E-08 |
   |    13   |     12  |   0.14781E+00 |  0.24276E+02  |   0.455E-08 |
   |    14   |     12  |   0.14781E+00 |  0.24276E+02  |   0.232E-08 |
   |    15   |     12  |   0.14781E+00 |  0.24276E+02  |   0.129E-08 |
   |    16   |     12  |   0.14781E+00 |  0.24276E+02  |   0.179E-07 |
   |    17   |     12  |   0.14781E+00 |  0.24276E+02  |   0.739E-08 |
   |    18   |     12  |   0.14781E+00 |  0.24276E+02  |   0.464E-08 |
   |    19   |     12  |   0.14781E+00 |  0.24276E+02  |   0.267E-08 |
   |    20   |     12  |   0.14781E+00 |  0.24276E+02  |   0.719E-09 |
   |    21   |     12  |   0.14781E+00 |  0.24276E+02  |   0.355E-08 |

Watson Alpha parameter  0.1000 fitted with rms2 = 


Potential parameters rounded in accord. with their standart errors

rC  0  0  0  0  0  0  0  0  0  0  0  0  9*** 60
rO  0  0  0  0  0  0  0  0  0  0  0  0  0***
rH  0  0  0  0  0  0  0  0  0  0  0  0  0***
aH  0  0  0  0  0  0  0  0  0  0  0  0  0***
aH  0  0  0  0  0  0  0  0  0  0  0  0  0***
a1  0  0  0  0  0  0  0  0  0  0  0  0  0***
a2  0  0  0  0  0  0  0  0  0  0  0  0  0***
b1  0  0  0  0  0  0  0  0  0  0  0  0  0***
 f  0  0  0  0  0  0  0  0  0  0  0  0  9*** 88
 f  1  0  0  0  0  0  0  0  0  0  0  0  0  0
 f  2  0  0  0  0  0  0  0  0  0  0  0  9*** 41
 f  3  0  0  0  0  0  0  0  0  0  0  0  8*** 25
 f  4  0  0  0  0  0  0  0  0  0  0  0  7*** 30
 f  5  0  0  0  0  0  0  0  0  0  0  0  6***105
 f  6  0  0  0  0  0  0  0  0  0  0  0  5***140
 f  7  0  0  0  0  0  0  0  0  0  0  0  0  0
 f  8  0  0  0  0  0  0  0  0  0  0  0  0  0
------------------------------
*  FITTING OF THE POTENTIAL PARAMETERS TO AB INITIO DATA                        
*                                                                               
*  2016                                                                         
*  C2H6                                                                         
      rCOe                        9          1.42213860
      rOHe                        0          0.95887000
      rH1e                        0          1.09229400
      aHOC                        0        107.98120000
      aHCO                        0        110.66460000
        a1                        0          1.90000000
        a2                        0          1.66000000
        b1                        0          1.55000000
 f   0   0   0   0   0   0   0   0   0   0   0   0   9  -25371569.29627977
 f   1   0   0   0   0   0   0   0   0   0   0   0   0          0.00000000
 f   2   0   0   0   0   0   0   0   0   0   0   0   9      38857.29479300
 f   3   0   0   0   0   0   0   0   0   0   0   0   8       -161.56968595
 f   4   0   0   0   0   0   0   0   0   0   0   0   7       2666.46013146
 f   5   0   0   0   0   0   0   0   0   0   0   0   6       1474.42870716
 f   6   0   0   0   0   0   0   0   0   0   0   0   5          3.42106612
 f   7   0   0   0   0   0   0   0   0   0   0   0   0          0.00000000
 f   8   0   0   0   0   0   0   0   0   0   0   0   0          0.00000000

Correlation coefficients larger than 0.9: 
          corr( 4, 6) =  0.9937308
          corr( 4, 7) =  0.9446699
          corr( 6, 7) =  0.9501719

               --------------------------------------------------------------------------------
               :     old parm   :     new parm   :  delta parm  :   std. err.  : sensitility
               --------------------------------------------------------------------------------
  1  rCOe       :          1.42  :          1.42  :         0.000:         0.000:         0.000:!
  2  f          :  -25371569.30  :  -25371569.30  :         0.000:         0.088:         0.002:!
  3  f          :      38857.29  :      38857.29  :         0.000:         4.052:         0.014:!
  4  f          :       -161.57  :       -161.57  :         0.000:        24.677:         0.029:!
  5  f          :       2666.46  :       2666.46  :         0.000:        29.679:         0.055:!
  6  f          :       1474.43  :       1474.43  :         0.000:       105.038:         0.103:!
  7##f          :          3.42  :          3.42  :         0.000:       140.421:         0.185:!#
relat_sterr,ilarge_sterr, tivar:       41.04608349   15    5
relat_sterr_min,ilow_sterr, tivar:    0.41046083D+02   15    5
rCOe                               9          1.42213860
rOHe                               0          0.95887000
rH1e                               0          1.09229400
aHOC                               0        107.98120000
aHCO                               0        110.66460000
a1                                 0          1.90000000
a2                                 0          1.66000000
b1                                 0          1.55000000
 f   0   0   0   0   0   0   0   0   0   0   0   0   9  -25371569.29627977
 f   1   0   0   0   0   0   0   0   0   0   0   0   0          0.00000000
 f   2   0   0   0   0   0   0   0   0   0   0   0   9      38857.29479300
 f   3   0   0   0   0   0   0   0   0   0   0   0   8       -161.56968595
 f   4   0   0   0   0   0   0   0   0   0   0   0   7       2666.46013146
 f   5   0   0   0   0   0   0   0   0   0   0   0   6       1474.42870716
 f   6   0   0   0   0   0   0   0   0   0   0   0   0          0.00000000
 f   7   0   0   0   0   0   0   0   0   0   0   0   0          0.00000000
 f   8   0   0   0   0   0   0   0   0   0   0   0   0          0.00000000
     1 parameters are out - 

   ------------------------------------------------------------------
   |   iter  |  points |    deviat     |     rms       |  stability  |
   ------------------------------------------------------------------
   |     1   |     12  |   0.14575E+00 |  0.24355E+02  |   0.686E+11 |
   |     2   |     12  |   0.13494E+00 |  0.24456E+02  |   0.801E-01 |
   |     3   |     12  |   0.13494E+00 |  0.24456E+02  |   0.567E-08 |
   |     4   |     12  |   0.13494E+00 |  0.24456E+02  |   0.372E-08 |
   |     5   |     12  |   0.13494E+00 |  0.24456E+02  |   0.391E-09 |
   |     6   |     12  |   0.13494E+00 |  0.24456E+02  |   0.535E-08 |
   |     7   |     12  |   0.13494E+00 |  0.24456E+02  |   0.217E-07 |
   |     8   |     12  |   0.13494E+00 |  0.24456E+02  |   0.210E-07 |
   |     9   |     12  |   0.13494E+00 |  0.24456E+02  |   0.476E-08 |
   |    10   |     12  |   0.13494E+00 |  0.24456E+02  |   0.553E-08 |
   |    11   |     12  |   0.13494E+00 |  0.24456E+02  |   0.436E-08 |
   |    12   |     12  |   0.13494E+00 |  0.24456E+02  |   0.453E-08 |
   |    13   |     12  |   0.13494E+00 |  0.24456E+02  |   0.579E-08 |
   |    14   |     12  |   0.13494E+00 |  0.24456E+02  |   0.621E-08 |
   |    15   |     12  |   0.13494E+00 |  0.24456E+02  |   0.795E-08 |
   |    16   |     12  |   0.13494E+00 |  0.24456E+02  |   0.956E-08 |
   |    17   |     12  |   0.13494E+00 |  0.24456E+02  |   0.243E-08 |
   |    18   |     12  |   0.13494E+00 |  0.24456E+02  |   0.106E-07 |
   |    19   |     12  |   0.13494E+00 |  0.24456E+02  |   0.673E-08 |
   |    20   |     12  |   0.13494E+00 |  0.24456E+02  |   0.124E-07 |
   |    21   |     12  |   0.13494E+00 |  0.24456E+02  |   0.770E-09 |


Potential parameters rounded in accord. with their standart errors

rC  0  0  0  0  0  0  0  0  0  0  0  0  9*** 32
rO  0  0  0  0  0  0  0  0  0  0  0  0  0***
rH  0  0  0  0  0  0  0  0  0  0  0  0  0***
aH  0  0  0  0  0  0  0  0  0  0  0  0  0***
aH  0  0  0  0  0  0  0  0  0  0  0  0  0***
a1  0  0  0  0  0  0  0  0  0  0  0  0  0***
a2  0  0  0  0  0  0  0  0  0  0  0  0  0***
b1  0  0  0  0  0  0  0  0  0  0  0  0  0***
 f  0  0  0  0  0  0  0  0  0  0  0  0  9*** 78
 f  1  0  0  0  0  0  0  0  0  0  0  0  0  0
 f  2  0  0  0  0  0  0  0  0  0  0  0  9*** 35
 f  3  0  0  0  0  0  0  0  0  0  0  0  8*** 74
 f  4  0  0  0  0  0  0  0  0  0  0  0  7*** 16
 f  5  0  0  0  0  0  0  0  0  0  0  0  6*** 30
 f  6  0  0  0  0  0  0  0  0  0  0  0  0  0
 f  7  0  0  0  0  0  0  0  0  0  0  0  0  0
 f  8  0  0  0  0  0  0  0  0  0  0  0  0  0
------------------------------
*  FITTING OF THE POTENTIAL PARAMETERS TO AB INITIO DATA                        
*                                                                               
*  2016                                                                         
*  C2H6                                                                         
      rCOe                        9          1.42213849
      rOHe                        0          0.95887000
      rH1e                        0          1.09229400
      aHOC                        0        107.98120000
      aHCO                        0        110.66460000
        a1                        0          1.90000000
        a2                        0          1.66000000
        b1                        0          1.55000000
 f   0   0   0   0   0   0   0   0   0   0   0   0   9  -25371569.29675404
 f   1   0   0   0   0   0   0   0   0   0   0   0   0          0.00000000
 f   2   0   0   0   0   0   0   0   0   0   0   0   9      38857.32959987
 f   3   0   0   0   0   0   0   0   0   0   0   0   8       -162.13762540
 f   4   0   0   0   0   0   0   0   0   0   0   0   7       2667.04427653
 f   5   0   0   0   0   0   0   0   0   0   0   0   6       1476.86022234
 f   6   0   0   0   0   0   0   0   0   0   0   0   0          0.00000000
 f   7   0   0   0   0   0   0   0   0   0   0   0   0          0.00000000
 f   8   0   0   0   0   0   0   0   0   0   0   0   0          0.00000000

Correlation coefficients larger than 0.9: 
          corr( 3, 5) =  0.9794309
          corr( 3, 6) =  0.9182630
          corr( 4, 6) =  0.9401365
          corr( 5, 6) =  0.9125872

               --------------------------------------------------------------------------------
               :     old parm   :     new parm   :  delta parm  :   std. err.  : sensitility
               --------------------------------------------------------------------------------
  1  rCOe       :          1.42  :          1.42  :         0.000:         0.000:         0.000:!
  2  f          :  -25371569.30  :  -25371569.30  :         0.000:         0.078:         0.002:!
  3  f          :      38857.33  :      38857.33  :         0.000:         3.462:         0.015:!
  4  f          :       -162.14  :       -162.14  :         0.000:         7.390:         0.031:!
  5  f          :       2667.04  :       2667.04  :         0.000:        15.968:         0.059:!
  6  f          :       1476.86  :       1476.86  :         0.000:        29.892:         0.109:!
relat_sterr_min,ilow_sterr, tivar:    0.10000000D+21   -1    6
rCOe                               9          1.42213849
rOHe                               0          0.95887000
rH1e                               0          1.09229400
aHOC                               0        107.98120000
aHCO                               0        110.66460000
a1                                 0          1.90000000
a2                                 0          1.66000000
b1                                 0          1.55000000
 f   0   0   0   0   0   0   0   0   0   0   0   0   9  -25371569.29675404
 f   1   0   0   0   0   0   0   0   0   0   0   0   0          0.00000000
 f   2   0   0   0   0   0   0   0   0   0   0   0   9      38857.32959987
 f   3   0   0   0   0   0   0   0   0   0   0   0   8       -162.13762540
 f   4   0   0   0   0   0   0   0   0   0   0   0   7       2667.04427653
 f   5   0   0   0   0   0   0   0   0   0   0   0   6       1476.86022234
 f   6   0   0   0   0   0   0   0   0   0   0   0   0          0.00000000
 f   7   0   0   0   0   0   0   0   0   0   0   0   0          0.00000000
 f   8   0   0   0   0   0   0   0   0   0   0   0   0          0.00000000
relat_sterr_min,ilow_sterr, tivar:    0.10000000D+21   -1    7
rCOe                               9          1.42213849
rOHe                               0          0.95887000
rH1e                               0          1.09229400
aHOC                               0        107.98120000
aHCO                               0        110.66460000
a1                                 0          1.90000000
a2                                 0          1.66000000
b1                                 0          1.55000000
 f   0   0   0   0   0   0   0   0   0   0   0   0   9  -25371569.29675404
 f   1   0   0   0   0   0   0   0   0   0   0   0   0          0.00000000
 f   2   0   0   0   0   0   0   0   0   0   0   0   9      38857.32959987
 f   3   0   0   0   0   0   0   0   0   0   0   0   8       -162.13762540
 f   4   0   0   0   0   0   0   0   0   0   0   0   7       2667.04427653
 f   5   0   0   0   0   0   0   0   0   0   0   0   6       1476.86022234
 f   6   0   0   0   0   0   0   0   0   0   0   0   0          0.00000000
 f   7   0   0   0   0   0   0   0   0   0   0   0   0          0.00000000
 f   8   0   0   0   0   0   0   0   0   0   0   0   0          0.00000000
relat_sterr_min,ilow_sterr, tivar:    0.10000000D+21   -1    8
rCOe                               9          1.42213849
rOHe                               0          0.95887000
rH1e                               0          1.09229400
aHOC                               0        107.98120000
aHCO                               0        110.66460000
a1                                 0          1.90000000
a2                                 0          1.66000000
b1                                 0          1.55000000
 f   0   0   0   0   0   0   0   0   0   0   0   0   9  -25371569.29675404
 f   1   0   0   0   0   0   0   0   0   0   0   0   0          0.00000000
 f   2   0   0   0   0   0   0   0   0   0   0   0   9      38857.32959987
 f   3   0   0   0   0   0   0   0   0   0   0   0   8       -162.13762540
 f   4   0   0   0   0   0   0   0   0   0   0   0   7       2667.04427653
 f   5   0   0   0   0   0   0   0   0   0   0   0   6       1476.86022234
 f   6   0   0   0   0   0   0   0   0   0   0   0   0          0.00000000
 f   7   0   0   0   0   0   0   0   0   0   0   0   0          0.00000000
 f   8   0   0   0   0   0   0   0   0   0   0   0   0          0.00000000

   -----------------------------------------------------------
   |  param  |  points |   deviat    |    rms      | stability |
   -----------------------------------------------------------
   |     6   |     12  |   0.13494E+00 |  0.72017E+04  |    0.770E-09 |

############################################################################################
