************************************************************************************************************************************
 ************************************************************************************************************************************
 ************************************************************************************************************************************
 ****************                                                                                                    ****************
 ****************          *  FITTING OF THE POTENTIAL PARAMETERS TO AB INITIO DATA                                  ****************
 ****************          *                                                                                         ****************
 ****************          *  2016                                                                                   ****************
 ****************          *  C2H6                                                                                   ****************

 ****************                                                                                                    ****************
 ************************************************************************************************************************************
 ************************************************************************************************************************************
 ************************************************************************************************************************************
 
        12 <= number of degrees of freedom
         5 <= number of bonds
         7 <= number of bond angles
        20 <= number of iterations in the fit
  0.000000 <= The fit is over if the stability is reached 
  0.000010 <= The fit is over if the st.dev. best is reached 
  1.000000 <= sterr parameter out 
  0.000010 <= stdev parameter out 
         2 <= watson robust on (1) or of (0) 
         8 <= number of non-linear parameters
 parameters of structure 
rCOe      =           1.422
rOHe      =           0.959
rH1e      =           1.092
aHOC      =         107.981
aHCO      =         110.665
a1        =           1.900
a2        =           1.660
b1        =           1.550

   ------------------------------------------------------------------
   |   iter  |  points |    deviat     |     rms       |  stability  |
   ------------------------------------------------------------------
   |     1   |      6  |   0.14520E+03 |  0.59452E+04  |   0.716E+07 |
   |     2   |      6  |   0.15075E+03 |  0.65104E+04  |   0.636E+01 |
   |     3   |      6  |   0.11432E+03 |  0.29087E+04  |   0.266E+01 |
   |     4   |      6  |   0.67779E+01 |  0.80834E+03  |   0.906E+01 |
   |     5   |      6  |   0.57432E+01 |  0.88362E+03  |   0.682E+00 |
   |     6   |      6  |   0.24824E+01 |  0.81038E+03  |   0.231E+01 |
   |     7   |      6  |   0.53349E+01 |  0.84348E+03  |   0.350E+00 |
   |     8   |      6  |   0.25245E+01 |  0.81248E+03  |   0.660E+00 |
   |     9   |      6  |   0.33755E+01 |  0.82416E+03  |   0.480E+00 |
   |    10   |      6  |   0.25536E+01 |  0.81311E+03  |   0.657E-01 |
   |    11   |      6  |   0.28483E+01 |  0.81925E+03  |   0.204E+00 |
   |    12   |      6  |   0.25747E+01 |  0.81348E+03  |   0.973E-01 |
   |    13   |      6  |   0.28469E+01 |  0.81885E+03  |   0.935E-01 |
   |    14   |      6  |   0.25916E+01 |  0.81376E+03  |   0.930E-01 |
   |    15   |      6  |   0.28622E+01 |  0.81926E+03  |   0.837E-01 |
   |    16   |      6  |   0.26063E+01 |  0.81401E+03  |   0.944E-01 |
   |    17   |      6  |   0.28789E+01 |  0.81996E+03  |   0.791E-01 |
   |    18   |      6  |   0.26198E+01 |  0.81423E+03  |   0.987E-01 |
   |    19   |      6  |   0.28910E+01 |  0.82091E+03  |   0.740E-01 |
   |    20   |      6  |   0.26331E+01 |  0.81446E+03  |   0.105E+00 |
   |    21   |      6  |   0.28876E+01 |  0.82213E+03  |   0.668E-01 |

Watson Alpha parameter  0.1000 fitted with rms2 = 


Potential parameters rounded in accord. with their standart errors

rC  0  0  0  0  0  0  0  0  0  0  0  0  0***
rO  0  0  0  0  0  0  0  0  0  0  0  0  9*** 10
rH  0  0  0  0  0  0  0  0  0  0  0  0  0***
aH  0  0  0  0  0  0  0  0  0  0  0  0  0***
aH  0  0  0  0  0  0  0  0  0  0  0  0  0***
a1  0  0  0  0  0  0  0  0  0  0  0  0  0***
a2  0  0  0  0  0  0  0  0  0  0  0  0  9*** 12
b1  0  0  0  0  0  0  0  0  0  0  0  0  0***
 f  0  0  0  0  0  0  0  0  0  0  0  0  9*** 27
 f  1  0  0  0  0  0  0  0  0  0  0  0  0  0
 f  2  0  0  0  0  0  0  0  0  0  0  0  0***
 f  3  0  0  0  0  0  0  0  0  0  0  0  0  0
 f  4  0  0  0  0  0  0  0  0  0  0  0  0  0
 f  5  0  0  0  0  0  0  0  0  0  0  0  0  0
 f  6  0  0  0  0  0  0  0  0  0  0  0  0  0
 f  7  0  0  0  0  0  0  0  0  0  0  0  0  0
 f  8  0  0  0  0  0  0  0  0  0  0  0  0  0
 f  0  1  0  0  0  0  0  0  0  0  0  0  0  0
 f  0  2  0  0  0  0  0  0  0  0  0  0  9***368
 f  0  3  0  0  0  0  0  0  0  0  0  0  0  0
 f  0  4  0  0  0  0  0  0  0  0  0  0  0  0
 f  0  5  0  0  0  0  0  0  0  0  0  0  0  0
 f  0  6  0  0  0  0  0  0  0  0  0  0  0  0
 f  0  7  0  0  0  0  0  0  0  0  0  0  0  0
 f  0  8  0  0  0  0  0  0  0  0  0  0  0  0
------------------------------
*  FITTING OF THE POTENTIAL PARAMETERS TO AB INITIO DATA                        
*                                                                               
*  2016                                                                         
*  C2H6                                                                         
      rCOe                        0          1.42213849
      rOHe                        9          0.95563603
      rH1e                        0          1.09229400
      aHOC                        0        107.98120000
      aHCO                        0        110.66460000
        a1                        0          1.90000000
        a2                        9          2.30286430
        b1                        0          1.55000000
 f   0   0   0   0   0   0   0   0   0   0   0   0   9  -25371576.19217487
 f   1   0   0   0   0   0   0   0   0   0   0   0   0          0.00000000
 f   2   0   0   0   0   0   0   0   0   0   0   0   0      38857.32959987
 f   3   0   0   0   0   0   0   0   0   0   0   0   0          0.00000000
 f   4   0   0   0   0   0   0   0   0   0   0   0   0          0.00000000
 f   5   0   0   0   0   0   0   0   0   0   0   0   0          0.00000000
 f   6   0   0   0   0   0   0   0   0   0   0   0   0          0.00000000
 f   7   0   0   0   0   0   0   0   0   0   0   0   0          0.00000000
 f   8   0   0   0   0   0   0   0   0   0   0   0   0          0.00000000
 f   0   1   0   0   0   0   0   0   0   0   0   0   0          0.00000000
 f   0   2   0   0   0   0   0   0   0   0   0   0   9      40786.64952235
 f   0   3   0   0   0   0   0   0   0   0   0   0   0          0.00000000
 f   0   4   0   0   0   0   0   0   0   0   0   0   0          0.00000000
 f   0   5   0   0   0   0   0   0   0   0   0   0   0          0.00000000
 f   0   6   0   0   0   0   0   0   0   0   0   0   0          0.00000000
 f   0   7   0   0   0   0   0   0   0   0   0   0   0          0.00000000
 f   0   8   0   0   0   0   0   0   0   0   0   0   0          0.00000000

Correlation coefficients larger than 0.9: 
          corr( 1, 2) =  0.9328562
          corr( 1, 4) =  0.9457394
          corr( 2, 4) =  0.9969628

               --------------------------------------------------------------------------------
               :     old parm   :     new parm   :  delta parm  :   std. err.  : sensitility
               --------------------------------------------------------------------------------
  1  rOHe       :          0.96  :          0.96  :         0.000:         0.000:         0.000: 
  2  a2         :          2.30  :          2.30  :         0.006:         0.012:         0.000: 
  3  f          :  -25371577.04  :  -25371576.19  :         0.850:         2.694:         0.072: 
  4  f          :      40964.82  :      40786.65  :      -178.173:       367.542:         0.782: 

   -----------------------------------------------------------
   |  param  |  points |   deviat    |    rms      | stability |
   -----------------------------------------------------------
   |     4   |      6  |   0.28876E+01 |  0.94566E+07  |    0.668E-01 |

############################################################################################
