************************************************************************************************************************************
 ************************************************************************************************************************************
 ************************************************************************************************************************************
 ****************                                                                                                    ****************
 ****************          *  FITTING OF THE POTENTIAL PARAMETERS TO AB INITIO DATA                                  ****************
 ****************          *                                                                                         ****************
 ****************          *  2016                                                                                   ****************
 ****************          *  C2H6                                                                                   ****************

 ****************                                                                                                    ****************
 ************************************************************************************************************************************
 ************************************************************************************************************************************
 ************************************************************************************************************************************
 
        12 <= number of degrees of freedom
         5 <= number of bonds
         7 <= number of bond angles
        20 <= number of iterations in the fit
  0.000000 <= The fit is over if the stability is reached 
  0.000010 <= The fit is over if the st.dev. best is reached 
  1.000000 <= sterr parameter out 
  0.000010 <= stdev parameter out 
         2 <= watson robust on (1) or of (0) 
         8 <= number of non-linear parameters
 parameters of structure 
rCOe      =           1.422
rOHe      =           0.956
rH1e      =           1.092
aHOC      =         107.981
aHCO      =         110.665
a1        =           1.900
a2        =           2.300
b1        =           1.550

   ------------------------------------------------------------------
   |   iter  |  points |    deviat     |     rms       |  stability  |
   ------------------------------------------------------------------
   |     1   |      7  |   0.14950E+02 |  0.47810E+04  |   0.515E+07 |
   |     2   |      7  |   0.13680E+02 |  0.93463E+03  |   0.427E+03 |
   |     3   |      7  |   0.44369E+01 |  0.48907E+03  |   0.338E+01 |
   |     4   |      7  |   0.44845E+01 |  0.44938E+03  |   0.688E+00 |
   |     5   |      7  |   0.32609E+01 |  0.45029E+03  |   0.540E+00 |
   |     6   |      7  |   0.44518E+01 |  0.45244E+03  |   0.247E+00 |
   |     7   |      7  |   0.33577E+01 |  0.44639E+03  |   0.304E+00 |
   |     8   |      7  |   0.46788E+01 |  0.45443E+03  |   0.425E+00 |
   |     9   |      7  |   0.33403E+01 |  0.44466E+03  |   0.303E+00 |
   |    10   |      7  |   0.47311E+01 |  0.45523E+03  |   0.431E+00 |
   |    11   |      7  |   0.32564E+01 |  0.44361E+03  |   0.198E+00 |
   |    12   |      7  |   0.45117E+01 |  0.45371E+03  |   0.354E+00 |
   |    13   |      7  |   0.30976E+01 |  0.44217E+03  |   0.579E-01 |
   |    14   |      7  |   0.40394E+01 |  0.44829E+03  |   0.305E+00 |
   |    15   |      7  |   0.29076E+01 |  0.44003E+03  |   0.250E-01 |
   |    16   |      7  |   0.34747E+01 |  0.44148E+03  |   0.292E+00 |
   |    17   |      7  |   0.28469E+01 |  0.43824E+03  |   0.301E-01 |
   |    18   |      7  |   0.30401E+01 |  0.43786E+03  |   0.175E+00 |
   |    19   |      7  |   0.28558E+01 |  0.43752E+03  |   0.416E-01 |
   |    20   |      7  |   0.29160E+01 |  0.43715E+03  |   0.580E-01 |
   |    21   |      7  |   0.28642E+01 |  0.43733E+03  |   0.180E-01 |

Watson Alpha parameter  0.1000 fitted with rms2 = 


Potential parameters rounded in accord. with their standart errors

rC  0  0  0  0  0  0  0  0  0  0  0  0  0***
rO  0  0  0  0  0  0  0  0  0  0  0  0  0***
rH  0  0  0  0  0  0  0  0  0  0  0  0  9*** 11
aH  0  0  0  0  0  0  0  0  0  0  0  0  0***
aH  0  0  0  0  0  0  0  0  0  0  0  0  0***
a1  0  0  0  0  0  0  0  0  0  0  0  0  0***
a2  0  0  0  0  0  0  0  0  0  0  0  0  0***
b1  0  0  0  0  0  0  0  0  0  0  0  0  9*** 14
 f  0  0  0  0  0  0  0  0  0  0  0  0  9*** 19
 f  1  0  0  0  0  0  0  0  0  0  0  0  0  0
 f  2  0  0  0  0  0  0  0  0  0  0  0  0***
 f  3  0  0  0  0  0  0  0  0  0  0  0  0***
 f  4  0  0  0  0  0  0  0  0  0  0  0  0***
 f  5  0  0  0  0  0  0  0  0  0  0  0  0***
 f  6  0  0  0  0  0  0  0  0  0  0  0  0  0
 f  7  0  0  0  0  0  0  0  0  0  0  0  0  0
 f  8  0  0  0  0  0  0  0  0  0  0  0  0  0
 f  0  1  0  0  0  0  0  0  0  0  0  0  0  0
 f  0  2  0  0  0  0  0  0  0  0  0  0  0***
 f  0  3  0  0  0  0  0  0  0  0  0  0  0***
 f  0  4  0  0  0  0  0  0  0  0  0  0  0***
 f  0  5  0  0  0  0  0  0  0  0  0  0  0***
 f  0  6  0  0  0  0  0  0  0  0  0  0  0***
 f  0  7  0  0  0  0  0  0  0  0  0  0  0  0
 f  0  8  0  0  0  0  0  0  0  0  0  0  0  0
 f  0  0  2  0  0  0  0  0  0  0  0  0  9******
------------------------------
*  FITTING OF THE POTENTIAL PARAMETERS TO AB INITIO DATA                        
*                                                                               
*  2016                                                                         
*  C2H6                                                                         
      rCOe                        0          1.42213849
      rOHe                        0          0.95563603
      rH1e                        9          1.09116332
      aHOC                        0        107.98120000
      aHCO                        0        110.66460000
        a1                        0          1.90000000
        a2                        0          2.30000000
        b1                        9          1.89459202
 f   0   0   0   0   0   0   0   0   0   0   0   0   9  -25371572.48495915
 f   1   0   0   0   0   0   0   0   0   0   0   0   0          0.00000000
 f   2   0   0   0   0   0   0   0   0   0   0   0   0      38857.32959987
 f   3   0   0   0   0   0   0   0   0   0   0   0   0       -162.13762540
 f   4   0   0   0   0   0   0   0   0   0   0   0   0       2667.04427653
 f   5   0   0   0   0   0   0   0   0   0   0   0   0       1476.86022234
 f   6   0   0   0   0   0   0   0   0   0   0   0   0          0.00000000
 f   7   0   0   0   0   0   0   0   0   0   0   0   0          0.00000000
 f   8   0   0   0   0   0   0   0   0   0   0   0   0          0.00000000
 f   0   1   0   0   0   0   0   0   0   0   0   0   0          0.00000000
 f   0   2   0   0   0   0   0   0   0   0   0   0   0      40333.99988407
 f   0   3   0   0   0   0   0   0   0   0   0   0   0       -677.28550008
 f   0   4   0   0   0   0   0   0   0   0   0   0   0       3135.70196644
 f   0   5   0   0   0   0   0   0   0   0   0   0   0       1512.68879367
 f   0   6   0   0   0   0   0   0   0   0   0   0   0        619.73477278
 f   0   7   0   0   0   0   0   0   0   0   0   0   0          0.00000000
 f   0   8   0   0   0   0   0   0   0   0   0   0   0          0.00000000
 f   0   0   2   0   0   0   0   0   0   0   0   0   9     110342.30001334

Correlation coefficients larger than 0.9: 
          corr( 2, 4) =  0.9972740

               --------------------------------------------------------------------------------
               :     old parm   :     new parm   :  delta parm  :   std. err.  : sensitility
               --------------------------------------------------------------------------------
  1  rH1e       :          1.09  :          1.09  :         0.000:         0.000:         0.000: 
  2  b1         :          1.90  :          1.89  :        -0.001:         0.014:         0.000: 
  3  f          :  -25371572.62  :  -25371572.48  :         0.138:         1.950:         0.072: 
  4  f          :     110205.31  :     110342.30  :       136.992:      1371.855:         4.318: 

   -----------------------------------------------------------
   |  param  |  points |   deviat    |    rms      | stability |
   -----------------------------------------------------------
   |     4   |      7  |   0.28642E+01 |  0.21715E+07  |    0.180E-01 |

############################################################################################
